[INFO] Scanning for projects...
[INFO] 
[INFO] ------------------------------------------------------------------------
[INFO] Building account-service 0.0.2-SNAPSHOT
[INFO] ------------------------------------------------------------------------
[INFO] 
[INFO] --- jacoco-maven-plugin:0.7.6.201602180812:prepare-agent (default) @ account-service ---
[INFO] argLine set to -javaagent:C:\\Users\\yiping\\.m2\\repository\\org\\jacoco\\org.jacoco.agent\\0.7.6.201602180812\\org.jacoco.agent-0.7.6.201602180812-runtime.jar=destfile=C:\\Users\\yiping\\PiggyMetrics\\account-service\\target\\jacoco.exec
[INFO] 
[INFO] --- maven-resources-plugin:2.6:resources (default-resources) @ account-service ---
[INFO] Using 'UTF-8' encoding to copy filtered resources.
[INFO] Copying 0 resource
[INFO] Copying 1 resource
[INFO] 
[INFO] --- maven-compiler-plugin:3.1:compile (default-compile) @ account-service ---
[INFO] Nothing to compile - all classes are up to date
[INFO] 
[INFO] --- maven-resources-plugin:2.6:testResources (default-testResources) @ account-service ---
[INFO] Using 'UTF-8' encoding to copy filtered resources.
[INFO] Copying 2 resources
[INFO] 
[INFO] --- maven-compiler-plugin:3.1:testCompile (default-testCompile) @ account-service ---
[INFO] Nothing to compile - all classes are up to date
[INFO] 
[INFO] --- maven-surefire-plugin:2.18.1:test (default-test) @ account-service ---
[INFO] Surefire report directory: C:\Users\yiping\PiggyMetrics\account-service\target\surefire-reports

-------------------------------------------------------
 T E S T S
-------------------------------------------------------
16:20:18.561 [main] DEBUG org.springframework.test.context.junit4.SpringJUnit4ClassRunner - SpringJUnit4ClassRunner constructor called with [class com.piggymetrics.account.AccountServiceApplicationTests]
16:20:18.635 [main] DEBUG org.springframework.test.context.BootstrapUtils - Instantiating CacheAwareContextLoaderDelegate from class [org.springframework.test.context.cache.DefaultCacheAwareContextLoaderDelegate]
16:20:18.657 [main] DEBUG org.springframework.test.context.BootstrapUtils - Instantiating BootstrapContext using constructor [public org.springframework.test.context.support.DefaultBootstrapContext(java.lang.Class,org.springframework.test.context.CacheAwareContextLoaderDelegate)]
16:20:18.705 [main] DEBUG org.springframework.test.context.BootstrapUtils - Instantiating TestContextBootstrapper for test class [com.piggymetrics.account.AccountServiceApplicationTests] from class [org.springframework.test.context.web.WebTestContextBootstrapper]
16:20:18.749 [main] DEBUG org.springframework.test.context.web.WebTestContextBootstrapper - Found explicit ContextLoader class [org.springframework.boot.test.SpringApplicationContextLoader] for context configuration attributes [ContextConfigurationAttributes@1cefc4b3 declaringClass = 'com.piggymetrics.account.AccountServiceApplicationTests', classes = '{class com.piggymetrics.account.AccountApplication}', locations = '{}', inheritLocations = true, initializers = '{}', inheritInitializers = true, name = [null], contextLoaderClass = 'org.springframework.boot.test.SpringApplicationContextLoader']
16:20:18.766 [main] DEBUG org.springframework.test.context.support.AbstractContextLoader - Did not detect default resource location for test class [com.piggymetrics.account.AccountServiceApplicationTests]: class path resource [com/piggymetrics/account/AccountServiceApplicationTests-context.xml] does not exist
16:20:18.767 [main] DEBUG org.springframework.test.context.support.AbstractContextLoader - Did not detect default resource location for test class [com.piggymetrics.account.AccountServiceApplicationTests]: class path resource [com/piggymetrics/account/AccountServiceApplicationTestsContext.groovy] does not exist
16:20:18.768 [main] INFO org.springframework.test.context.support.AbstractContextLoader - Could not detect default resource locations for test class [com.piggymetrics.account.AccountServiceApplicationTests]: no resource found for suffixes {-context.xml, Context.groovy}.
16:20:18.875 [main] DEBUG org.springframework.test.context.support.ActiveProfilesUtils - Could not find an 'annotation declaring class' for annotation type [org.springframework.test.context.ActiveProfiles] and class [com.piggymetrics.account.AccountServiceApplicationTests]
16:20:18.878 [main] DEBUG org.springframework.test.context.web.WebTestContextBootstrapper - @TestExecutionListeners is not present for class [com.piggymetrics.account.AccountServiceApplicationTests]: using defaults.
16:20:18.902 [main] INFO org.springframework.test.context.web.WebTestContextBootstrapper - Loaded default TestExecutionListener class names from location [META-INF/spring.factories]: [org.springframework.boot.test.mock.mockito.MockitoTestExecutionListener, org.springframework.boot.test.mock.mockito.ResetMocksTestExecutionListener, org.springframework.boot.test.autoconfigure.restdocs.RestDocsTestExecutionListener, org.springframework.boot.test.autoconfigure.web.client.MockRestServiceServerResetTestExecutionListener, org.springframework.boot.test.autoconfigure.web.servlet.MockMvcPrintOnlyOnFailureTestExecutionListener, org.springframework.boot.test.autoconfigure.web.servlet.WebDriverTestExecutionListener, org.springframework.test.context.web.ServletTestExecutionListener, org.springframework.test.context.support.DirtiesContextBeforeModesTestExecutionListener, org.springframework.test.context.support.DependencyInjectionTestExecutionListener, org.springframework.test.context.support.DirtiesContextTestExecutionListener, org.springframework.test.context.transaction.TransactionalTestExecutionListener, org.springframework.test.context.jdbc.SqlScriptsTestExecutionListener]
16:20:19.022 [main] INFO org.springframework.test.context.web.WebTestContextBootstrapper - Using TestExecutionListeners: [org.springframework.test.context.web.ServletTestExecutionListener@2e140e59, org.springframework.test.context.support.DirtiesContextBeforeModesTestExecutionListener@49a71302, org.springframework.test.context.support.DependencyInjectionTestExecutionListener@5cd61783, org.springframework.test.context.support.DirtiesContextTestExecutionListener@59429fac, org.springframework.test.context.transaction.TransactionalTestExecutionListener@57aa341b, org.springframework.test.context.jdbc.SqlScriptsTestExecutionListener@26e412ef, org.springframework.boot.test.mock.mockito.MockitoTestExecutionListener@4ae263bf, org.springframework.boot.test.autoconfigure.web.servlet.WebDriverTestExecutionListener@7103ab0, org.springframework.boot.test.autoconfigure.restdocs.RestDocsTestExecutionListener@19ccca5, org.springframework.boot.test.autoconfigure.web.servlet.MockMvcPrintOnlyOnFailureTestExecutionListener@769d513, org.springframework.boot.test.autoconfigure.web.client.MockRestServiceServerResetTestExecutionListener@5e4fa1da, org.springframework.boot.test.mock.mockito.ResetMocksTestExecutionListener@588cd519]
16:20:19.130 [main] DEBUG org.springframework.test.context.junit4.SpringJUnit4ClassRunner - SpringJUnit4ClassRunner constructor called with [class com.piggymetrics.account.controller.AccountControllerTest]
16:20:19.130 [main] DEBUG org.springframework.test.context.BootstrapUtils - Instantiating CacheAwareContextLoaderDelegate from class [org.springframework.test.context.cache.DefaultCacheAwareContextLoaderDelegate]
16:20:19.134 [main] DEBUG org.springframework.test.context.BootstrapUtils - Instantiating BootstrapContext using constructor [public org.springframework.test.context.support.DefaultBootstrapContext(java.lang.Class,org.springframework.test.context.CacheAwareContextLoaderDelegate)]
16:20:19.135 [main] DEBUG org.springframework.test.context.BootstrapUtils - Instantiating TestContextBootstrapper for test class [com.piggymetrics.account.controller.AccountControllerTest] from class [org.springframework.test.context.web.WebTestContextBootstrapper]
16:20:19.139 [main] DEBUG org.springframework.test.context.web.WebTestContextBootstrapper - Found explicit ContextLoader class [org.springframework.boot.test.SpringApplicationContextLoader] for context configuration attributes [ContextConfigurationAttributes@6c1832aa declaringClass = 'com.piggymetrics.account.controller.AccountControllerTest', classes = '{class com.piggymetrics.account.AccountApplication}', locations = '{}', inheritLocations = true, initializers = '{}', inheritInitializers = true, name = [null], contextLoaderClass = 'org.springframework.boot.test.SpringApplicationContextLoader']
16:20:19.140 [main] DEBUG org.springframework.test.context.support.AbstractContextLoader - Did not detect default resource location for test class [com.piggymetrics.account.controller.AccountControllerTest]: class path resource [com/piggymetrics/account/controller/AccountControllerTest-context.xml] does not exist
16:20:19.141 [main] DEBUG org.springframework.test.context.support.AbstractContextLoader - Did not detect default resource location for test class [com.piggymetrics.account.controller.AccountControllerTest]: class path resource [com/piggymetrics/account/controller/AccountControllerTestContext.groovy] does not exist
16:20:19.141 [main] INFO org.springframework.test.context.support.AbstractContextLoader - Could not detect default resource locations for test class [com.piggymetrics.account.controller.AccountControllerTest]: no resource found for suffixes {-context.xml, Context.groovy}.
16:20:19.156 [main] DEBUG org.springframework.test.context.support.ActiveProfilesUtils - Could not find an 'annotation declaring class' for annotation type [org.springframework.test.context.ActiveProfiles] and class [com.piggymetrics.account.controller.AccountControllerTest]
16:20:19.157 [main] DEBUG org.springframework.test.context.web.WebTestContextBootstrapper - @TestExecutionListeners is not present for class [com.piggymetrics.account.controller.AccountControllerTest]: using defaults.
16:20:19.169 [main] INFO org.springframework.test.context.web.WebTestContextBootstrapper - Loaded default TestExecutionListener class names from location [META-INF/spring.factories]: [org.springframework.boot.test.mock.mockito.MockitoTestExecutionListener, org.springframework.boot.test.mock.mockito.ResetMocksTestExecutionListener, org.springframework.boot.test.autoconfigure.restdocs.RestDocsTestExecutionListener, org.springframework.boot.test.autoconfigure.web.client.MockRestServiceServerResetTestExecutionListener, org.springframework.boot.test.autoconfigure.web.servlet.MockMvcPrintOnlyOnFailureTestExecutionListener, org.springframework.boot.test.autoconfigure.web.servlet.WebDriverTestExecutionListener, org.springframework.test.context.web.ServletTestExecutionListener, org.springframework.test.context.support.DirtiesContextBeforeModesTestExecutionListener, org.springframework.test.context.support.DependencyInjectionTestExecutionListener, org.springframework.test.context.support.DirtiesContextTestExecutionListener, org.springframework.test.context.transaction.TransactionalTestExecutionListener, org.springframework.test.context.jdbc.SqlScriptsTestExecutionListener]
16:20:19.170 [main] INFO org.springframework.test.context.web.WebTestContextBootstrapper - Using TestExecutionListeners: [org.springframework.test.context.web.ServletTestExecutionListener@7c853486, org.springframework.test.context.support.DirtiesContextBeforeModesTestExecutionListener@174e1b69, org.springframework.test.context.support.DependencyInjectionTestExecutionListener@1046498a, org.springframework.test.context.support.DirtiesContextTestExecutionListener@243f003c, org.springframework.test.context.transaction.TransactionalTestExecutionListener@71cb3139, org.springframework.test.context.jdbc.SqlScriptsTestExecutionListener@1639f93a, org.springframework.boot.test.mock.mockito.MockitoTestExecutionListener@3491e86e, org.springframework.boot.test.autoconfigure.web.servlet.WebDriverTestExecutionListener@68f32020, org.springframework.boot.test.autoconfigure.restdocs.RestDocsTestExecutionListener@409986fe, org.springframework.boot.test.autoconfigure.web.servlet.MockMvcPrintOnlyOnFailureTestExecutionListener@19b047fe, org.springframework.boot.test.autoconfigure.web.client.MockRestServiceServerResetTestExecutionListener@22590e3e, org.springframework.boot.test.mock.mockito.ResetMocksTestExecutionListener@53dad875]
16:20:19.181 [main] DEBUG org.springframework.test.context.junit4.SpringJUnit4ClassRunner - SpringJUnit4ClassRunner constructor called with [class com.piggymetrics.account.repository.AccountRepositoryTest]
16:20:19.181 [main] DEBUG org.springframework.test.context.BootstrapUtils - Instantiating CacheAwareContextLoaderDelegate from class [org.springframework.test.context.cache.DefaultCacheAwareContextLoaderDelegate]
16:20:19.184 [main] DEBUG org.springframework.test.context.BootstrapUtils - Instantiating BootstrapContext using constructor [public org.springframework.test.context.support.DefaultBootstrapContext(java.lang.Class,org.springframework.test.context.CacheAwareContextLoaderDelegate)]
16:20:19.185 [main] DEBUG org.springframework.test.context.BootstrapUtils - Instantiating TestContextBootstrapper for test class [com.piggymetrics.account.repository.AccountRepositoryTest] from class [org.springframework.test.context.support.DefaultTestContextBootstrapper]
16:20:19.189 [main] DEBUG org.springframework.test.context.support.DefaultTestContextBootstrapper - Found explicit ContextLoader class [org.springframework.boot.test.SpringApplicationContextLoader] for context configuration attributes [ContextConfigurationAttributes@7e1f584d declaringClass = 'com.piggymetrics.account.repository.AccountRepositoryTest', classes = '{class com.piggymetrics.account.AccountApplication}', locations = '{}', inheritLocations = true, initializers = '{}', inheritInitializers = true, name = [null], contextLoaderClass = 'org.springframework.boot.test.SpringApplicationContextLoader']
16:20:19.190 [main] DEBUG org.springframework.test.context.support.AbstractContextLoader - Did not detect default resource location for test class [com.piggymetrics.account.repository.AccountRepositoryTest]: class path resource [com/piggymetrics/account/repository/AccountRepositoryTest-context.xml] does not exist
16:20:19.191 [main] DEBUG org.springframework.test.context.support.AbstractContextLoader - Did not detect default resource location for test class [com.piggymetrics.account.repository.AccountRepositoryTest]: class path resource [com/piggymetrics/account/repository/AccountRepositoryTestContext.groovy] does not exist
16:20:19.192 [main] INFO org.springframework.test.context.support.AbstractContextLoader - Could not detect default resource locations for test class [com.piggymetrics.account.repository.AccountRepositoryTest]: no resource found for suffixes {-context.xml, Context.groovy}.
16:20:19.207 [main] DEBUG org.springframework.test.context.support.ActiveProfilesUtils - Could not find an 'annotation declaring class' for annotation type [org.springframework.test.context.ActiveProfiles] and class [com.piggymetrics.account.repository.AccountRepositoryTest]
16:20:19.208 [main] DEBUG org.springframework.test.context.support.DefaultTestContextBootstrapper - @TestExecutionListeners is not present for class [com.piggymetrics.account.repository.AccountRepositoryTest]: using defaults.
16:20:19.218 [main] INFO org.springframework.test.context.support.DefaultTestContextBootstrapper - Loaded default TestExecutionListener class names from location [META-INF/spring.factories]: [org.springframework.boot.test.mock.mockito.MockitoTestExecutionListener, org.springframework.boot.test.mock.mockito.ResetMocksTestExecutionListener, org.springframework.boot.test.autoconfigure.restdocs.RestDocsTestExecutionListener, org.springframework.boot.test.autoconfigure.web.client.MockRestServiceServerResetTestExecutionListener, org.springframework.boot.test.autoconfigure.web.servlet.MockMvcPrintOnlyOnFailureTestExecutionListener, org.springframework.boot.test.autoconfigure.web.servlet.WebDriverTestExecutionListener, org.springframework.test.context.web.ServletTestExecutionListener, org.springframework.test.context.support.DirtiesContextBeforeModesTestExecutionListener, org.springframework.test.context.support.DependencyInjectionTestExecutionListener, org.springframework.test.context.support.DirtiesContextTestExecutionListener, org.springframework.test.context.transaction.TransactionalTestExecutionListener, org.springframework.test.context.jdbc.SqlScriptsTestExecutionListener]
16:20:19.218 [main] INFO org.springframework.test.context.support.DefaultTestContextBootstrapper - Using TestExecutionListeners: [org.springframework.test.context.web.ServletTestExecutionListener@4b2e3e8f, org.springframework.test.context.support.DirtiesContextBeforeModesTestExecutionListener@4bbb49b0, org.springframework.test.context.support.DependencyInjectionTestExecutionListener@f096f37, org.springframework.test.context.support.DirtiesContextTestExecutionListener@3effd4f3, org.springframework.test.context.transaction.TransactionalTestExecutionListener@41f4fe5, org.springframework.test.context.jdbc.SqlScriptsTestExecutionListener@15f8701f, org.springframework.boot.test.mock.mockito.MockitoTestExecutionListener@514cd540, org.springframework.boot.test.autoconfigure.web.servlet.WebDriverTestExecutionListener@11d4dbd6, org.springframework.boot.test.autoconfigure.restdocs.RestDocsTestExecutionListener@6f4ade6e, org.springframework.boot.test.autoconfigure.web.servlet.MockMvcPrintOnlyOnFailureTestExecutionListener@39e43310, org.springframework.boot.test.autoconfigure.web.client.MockRestServiceServerResetTestExecutionListener@eb507b9, org.springframework.boot.test.mock.mockito.ResetMocksTestExecutionListener@390877d2]
16:20:19.232 [main] DEBUG org.springframework.test.annotation.ProfileValueUtils - Retrieved @ProfileValueSourceConfiguration [null] for test class [com.piggymetrics.account.AccountServiceApplicationTests]
16:20:19.234 [main] DEBUG org.springframework.test.annotation.ProfileValueUtils - Retrieved ProfileValueSource type [class org.springframework.test.annotation.SystemProfileValueSource] for class [com.piggymetrics.account.AccountServiceApplicationTests]
16:20:19.242 [main] DEBUG org.springframework.test.annotation.ProfileValueUtils - Retrieved @ProfileValueSourceConfiguration [null] for test class [com.piggymetrics.account.controller.AccountControllerTest]
16:20:19.244 [main] DEBUG org.springframework.test.annotation.ProfileValueUtils - Retrieved ProfileValueSource type [class org.springframework.test.annotation.SystemProfileValueSource] for class [com.piggymetrics.account.controller.AccountControllerTest]
16:20:19.245 [main] DEBUG org.springframework.test.annotation.ProfileValueUtils - Retrieved @ProfileValueSourceConfiguration [null] for test class [com.piggymetrics.account.repository.AccountRepositoryTest]
16:20:19.246 [main] DEBUG org.springframework.test.annotation.ProfileValueUtils - Retrieved ProfileValueSource type [class org.springframework.test.annotation.SystemProfileValueSource] for class [com.piggymetrics.account.repository.AccountRepositoryTest]
Running com.piggymetrics.account.AccountServiceApplicationTests
16:20:19.254 [main] DEBUG org.springframework.test.context.junit4.SpringJUnit4ClassRunner - SpringJUnit4ClassRunner constructor called with [class com.piggymetrics.account.AccountServiceApplicationTests]
16:20:19.255 [main] DEBUG org.springframework.test.context.BootstrapUtils - Instantiating CacheAwareContextLoaderDelegate from class [org.springframework.test.context.cache.DefaultCacheAwareContextLoaderDelegate]
16:20:19.255 [main] DEBUG org.springframework.test.context.BootstrapUtils - Instantiating BootstrapContext using constructor [public org.springframework.test.context.support.DefaultBootstrapContext(java.lang.Class,org.springframework.test.context.CacheAwareContextLoaderDelegate)]
16:20:19.256 [main] DEBUG org.springframework.test.context.BootstrapUtils - Instantiating TestContextBootstrapper for test class [com.piggymetrics.account.AccountServiceApplicationTests] from class [org.springframework.test.context.web.WebTestContextBootstrapper]
16:20:19.262 [main] DEBUG org.springframework.test.context.web.WebTestContextBootstrapper - Found explicit ContextLoader class [org.springframework.boot.test.SpringApplicationContextLoader] for context configuration attributes [ContextConfigurationAttributes@1108adc8 declaringClass = 'com.piggymetrics.account.AccountServiceApplicationTests', classes = '{class com.piggymetrics.account.AccountApplication}', locations = '{}', inheritLocations = true, initializers = '{}', inheritInitializers = true, name = [null], contextLoaderClass = 'org.springframework.boot.test.SpringApplicationContextLoader']
16:20:19.262 [main] DEBUG org.springframework.test.context.support.AbstractContextLoader - Did not detect default resource location for test class [com.piggymetrics.account.AccountServiceApplicationTests]: class path resource [com/piggymetrics/account/AccountServiceApplicationTests-context.xml] does not exist
16:20:19.263 [main] DEBUG org.springframework.test.context.support.AbstractContextLoader - Did not detect default resource location for test class [com.piggymetrics.account.AccountServiceApplicationTests]: class path resource [com/piggymetrics/account/AccountServiceApplicationTestsContext.groovy] does not exist
16:20:19.264 [main] INFO org.springframework.test.context.support.AbstractContextLoader - Could not detect default resource locations for test class [com.piggymetrics.account.AccountServiceApplicationTests]: no resource found for suffixes {-context.xml, Context.groovy}.
16:20:19.276 [main] DEBUG org.springframework.test.context.support.ActiveProfilesUtils - Could not find an 'annotation declaring class' for annotation type [org.springframework.test.context.ActiveProfiles] and class [com.piggymetrics.account.AccountServiceApplicationTests]
16:20:19.277 [main] DEBUG org.springframework.test.context.web.WebTestContextBootstrapper - @TestExecutionListeners is not present for class [com.piggymetrics.account.AccountServiceApplicationTests]: using defaults.
16:20:19.286 [main] INFO org.springframework.test.context.web.WebTestContextBootstrapper - Loaded default TestExecutionListener class names from location [META-INF/spring.factories]: [org.springframework.boot.test.mock.mockito.MockitoTestExecutionListener, org.springframework.boot.test.mock.mockito.ResetMocksTestExecutionListener, org.springframework.boot.test.autoconfigure.restdocs.RestDocsTestExecutionListener, org.springframework.boot.test.autoconfigure.web.client.MockRestServiceServerResetTestExecutionListener, org.springframework.boot.test.autoconfigure.web.servlet.MockMvcPrintOnlyOnFailureTestExecutionListener, org.springframework.boot.test.autoconfigure.web.servlet.WebDriverTestExecutionListener, org.springframework.test.context.web.ServletTestExecutionListener, org.springframework.test.context.support.DirtiesContextBeforeModesTestExecutionListener, org.springframework.test.context.support.DependencyInjectionTestExecutionListener, org.springframework.test.context.support.DirtiesContextTestExecutionListener, org.springframework.test.context.transaction.TransactionalTestExecutionListener, org.springframework.test.context.jdbc.SqlScriptsTestExecutionListener]
16:20:19.287 [main] INFO org.springframework.test.context.web.WebTestContextBootstrapper - Using TestExecutionListeners: [org.springframework.test.context.web.ServletTestExecutionListener@2330e3e0, org.springframework.test.context.support.DirtiesContextBeforeModesTestExecutionListener@24b4d544, org.springframework.test.context.support.DependencyInjectionTestExecutionListener@27a2a089, org.springframework.test.context.support.DirtiesContextTestExecutionListener@54657dd2, org.springframework.test.context.transaction.TransactionalTestExecutionListener@706eab5d, org.springframework.test.context.jdbc.SqlScriptsTestExecutionListener@72725ee1, org.springframework.boot.test.mock.mockito.MockitoTestExecutionListener@40e60ece, org.springframework.boot.test.autoconfigure.web.servlet.WebDriverTestExecutionListener@3f9270ed, org.springframework.boot.test.autoconfigure.restdocs.RestDocsTestExecutionListener@3a230001, org.springframework.boot.test.autoconfigure.web.servlet.MockMvcPrintOnlyOnFailureTestExecutionListener@5ac6c4f2, org.springframework.boot.test.autoconfigure.web.client.MockRestServiceServerResetTestExecutionListener@2aa6311a, org.springframework.boot.test.mock.mockito.ResetMocksTestExecutionListener@61f39bb]
16:20:19.288 [main] DEBUG org.springframework.test.annotation.ProfileValueUtils - Retrieved @ProfileValueSourceConfiguration [null] for test class [com.piggymetrics.account.AccountServiceApplicationTests]
16:20:19.288 [main] DEBUG org.springframework.test.annotation.ProfileValueUtils - Retrieved ProfileValueSource type [class org.springframework.test.annotation.SystemProfileValueSource] for class [com.piggymetrics.account.AccountServiceApplicationTests]
16:20:19.290 [main] DEBUG org.springframework.test.annotation.ProfileValueUtils - Retrieved @ProfileValueSourceConfiguration [null] for test class [com.piggymetrics.account.AccountServiceApplicationTests]
16:20:19.290 [main] DEBUG org.springframework.test.annotation.ProfileValueUtils - Retrieved ProfileValueSource type [class org.springframework.test.annotation.SystemProfileValueSource] for class [com.piggymetrics.account.AccountServiceApplicationTests]
16:20:19.294 [main] DEBUG org.springframework.test.context.support.AbstractDirtiesContextTestExecutionListener - Before test class: context [DefaultTestContext@5fbdc49b testClass = AccountServiceApplicationTests, testInstance = [null], testMethod = [null], testException = [null], mergedContextConfiguration = [WebMergedContextConfiguration@65753040 testClass = AccountServiceApplicationTests, locations = '{}', classes = '{class com.piggymetrics.account.AccountApplication}', contextInitializerClasses = '[]', activeProfiles = '{}', propertySourceLocations = '{}', propertySourceProperties = '{}', contextCustomizers = set[org.springframework.boot.test.context.filter.ExcludeFilterContextCustomizer@22df874e, org.springframework.boot.test.mock.mockito.MockitoContextCustomizer@0, org.springframework.boot.test.autoconfigure.properties.PropertyMappingContextCustomizer@0, org.springframework.boot.test.autoconfigure.web.servlet.WebDriverContextCustomizerFactory$Customizer@17d238b1, org.springframework.test.context.web.socket.MockServerContainerContextCustomizer@4a183d02], resourceBasePath = 'src/main/webapp', contextLoader = 'org.springframework.boot.test.SpringApplicationContextLoader', parent = [null]]], class annotated with @DirtiesContext [false] with mode [null].
16:20:19.295 [main] DEBUG org.springframework.test.annotation.ProfileValueUtils - Retrieved @ProfileValueSourceConfiguration [null] for test class [com.piggymetrics.account.AccountServiceApplicationTests]
16:20:19.296 [main] DEBUG org.springframework.test.annotation.ProfileValueUtils - Retrieved ProfileValueSource type [class org.springframework.test.annotation.SystemProfileValueSource] for class [com.piggymetrics.account.AccountServiceApplicationTests]
16:20:19.488 [main] DEBUG org.springframework.core.env.StandardEnvironment - Adding [systemProperties] PropertySource with lowest search precedence
16:20:19.488 [main] DEBUG org.springframework.core.env.StandardEnvironment - Adding [systemEnvironment] PropertySource with lowest search precedence
16:20:19.488 [main] DEBUG org.springframework.core.env.StandardEnvironment - Initialized StandardEnvironment with PropertySources [systemProperties,systemEnvironment]
16:20:19.492 [main] DEBUG org.springframework.core.env.StandardEnvironment - Adding [integrationTest] PropertySource with search precedence immediately lower than [systemEnvironment]
2017-07-17 16:20:21.481  INFO 15804 --- [           main] s.c.a.AnnotationConfigApplicationContext : Refreshing org.springframework.context.annotation.AnnotationConfigApplicationContext@17e31657: startup date [Mon Jul 17 16:20:21 CST 2017]; root of context hierarchy
2017-07-17 16:20:22.328  INFO 15804 --- [           main] f.a.AutowiredAnnotationBeanPostProcessor : JSR-330 'javax.inject.Inject' annotation found and supported for autowiring
2017-07-17 16:20:22.413  INFO 15804 --- [           main] trationDelegate$BeanPostProcessorChecker : Bean 'configurationPropertiesRebinderAutoConfiguration' of type [class org.springframework.cloud.autoconfigure.ConfigurationPropertiesRebinderAutoConfiguration$$EnhancerBySpringCGLIB$$4e9b068c] is not eligible for getting processed by all BeanPostProcessors (for example: not eligible for auto-proxying)

  .   ____          _            __ _ _
 /\\ / ___'_ __ _ _(_)_ __  __ _ \ \ \ \
( ( )\___ | '_ | '_| | '_ \/ _` | \ \ \ \
 \\/  ___)| |_)| | | | | || (_| |  ) ) ) )
  '  |____| .__|_| |_|_| |_\__, | / / / /
 =========|_|==============|___/=/_/_/_/
 :: Spring Boot ::        (v1.4.5.RELEASE)

2017-07-17 16:20:23.619  INFO 15804 --- [           main] c.c.c.ConfigServicePropertySourceLocator : Fetching config from server at: http://localhost:8888
2017-07-17 16:20:24.832  WARN 15804 --- [           main] c.c.c.ConfigServicePropertySourceLocator : Could not locate PropertySource: I/O error on GET request for "http://localhost:8888/application/default": Connection refused: connect; nested exception is java.net.ConnectException: Connection refused: connect
2017-07-17 16:20:24.841  INFO 15804 --- [           main] c.p.a.AccountServiceApplicationTests     : No active profile set, falling back to default profiles: default
2017-07-17 16:20:24.963  INFO 15804 --- [           main] o.s.w.c.s.GenericWebApplicationContext   : Refreshing org.springframework.web.context.support.GenericWebApplicationContext@41c96a67: startup date [Mon Jul 17 16:20:24 CST 2017]; parent: org.springframework.context.annotation.AnnotationConfigApplicationContext@17e31657
2017-07-17 16:20:28.708  INFO 15804 --- [           main] o.s.b.f.s.DefaultListableBeanFactory     : Overriding bean definition for bean 'scopedTarget.oauth2ClientContext' with a different definition: replacing [Root bean: class [null]; scope=session; abstract=false; lazyInit=false; autowireMode=3; dependencyCheck=0; autowireCandidate=false; primary=false; factoryBeanName=org.springframework.security.oauth2.config.annotation.web.configuration.OAuth2ClientConfiguration$OAuth2ClientContextConfiguration; factoryMethodName=oauth2ClientContext; initMethodName=null; destroyMethodName=(inferred); defined in org.springframework.security.oauth2.config.annotation.web.configuration.OAuth2ClientConfiguration$OAuth2ClientContextConfiguration] with [Root bean: class [null]; scope=session; abstract=false; lazyInit=false; autowireMode=3; dependencyCheck=0; autowireCandidate=false; primary=false; factoryBeanName=org.springframework.boot.autoconfigure.security.oauth2.client.OAuth2RestOperationsConfiguration$SessionScopedConfiguration$ClientContextConfiguration; factoryMethodName=oauth2ClientContext; initMethodName=null; destroyMethodName=(inferred); defined in class path resource [org/springframework/boot/autoconfigure/security/oauth2/client/OAuth2RestOperationsConfiguration$SessionScopedConfiguration$ClientContextConfiguration.class]]
2017-07-17 16:20:29.575  INFO 15804 --- [           main] o.s.b.f.s.DefaultListableBeanFactory     : Overriding bean definition for bean 'ignoredPathsWebSecurityConfigurerAdapter' with a different definition: replacing [Root bean: class [null]; scope=; abstract=false; lazyInit=false; autowireMode=3; dependencyCheck=0; autowireCandidate=true; primary=false; factoryBeanName=org.springframework.boot.autoconfigure.security.SpringBootWebSecurityConfiguration; factoryMethodName=ignoredPathsWebSecurityConfigurerAdapter; initMethodName=null; destroyMethodName=(inferred); defined in class path resource [org/springframework/boot/autoconfigure/security/SpringBootWebSecurityConfiguration.class]] with [Root bean: class [null]; scope=; abstract=false; lazyInit=false; autowireMode=3; dependencyCheck=0; autowireCandidate=true; primary=false; factoryBeanName=org.springframework.boot.actuate.autoconfigure.ManagementWebSecurityAutoConfiguration; factoryMethodName=ignoredPathsWebSecurityConfigurerAdapter; initMethodName=null; destroyMethodName=(inferred); defined in class path resource [org/springframework/boot/actuate/autoconfigure/ManagementWebSecurityAutoConfiguration.class]]
2017-07-17 16:20:30.389  INFO 15804 --- [           main] o.s.i.config.IntegrationRegistrar        : No bean named 'integrationHeaderChannelRegistry' has been explicitly defined. Therefore, a default DefaultHeaderChannelRegistry will be created.
2017-07-17 16:20:32.552  WARN 15804 --- [           main] o.s.c.a.ConfigurationClassPostProcessor  : Cannot enhance @Configuration bean definition 'refreshScope' since its singleton instance has been created too early. The typical cause is a non-static @Bean method with a BeanDefinitionRegistryPostProcessor return type: Consider declaring such methods as 'static'.
2017-07-17 16:20:33.515  INFO 15804 --- [           main] o.s.cloud.context.scope.GenericScope     : BeanFactory id=7897f641-d5b6-30ee-9612-3567ba6b5ff8
2017-07-17 16:20:33.532  INFO 15804 --- [           main] faultConfiguringBeanFactoryPostProcessor : No bean named 'errorChannel' has been explicitly defined. Therefore, a default PublishSubscribeChannel will be created.
2017-07-17 16:20:33.539  INFO 15804 --- [           main] faultConfiguringBeanFactoryPostProcessor : No bean named 'taskScheduler' has been explicitly defined. Therefore, a default ThreadPoolTaskScheduler will be created.
2017-07-17 16:20:33.579  INFO 15804 --- [           main] f.a.AutowiredAnnotationBeanPostProcessor : JSR-330 'javax.inject.Inject' annotation found and supported for autowiring
2017-07-17 16:20:33.636  INFO 15804 --- [           main] trationDelegate$BeanPostProcessorChecker : Bean 'org.springframework.amqp.rabbit.annotation.RabbitBootstrapConfiguration' of type [class org.springframework.amqp.rabbit.annotation.RabbitBootstrapConfiguration$$EnhancerBySpringCGLIB$$f8ecc1bd] is not eligible for getting processed by all BeanPostProcessors (for example: not eligible for auto-proxying)
2017-07-17 16:20:33.813  INFO 15804 --- [           main] trationDelegate$BeanPostProcessorChecker : Bean 'org.springframework.cloud.netflix.feign.FeignAutoConfiguration$HystrixFeignTargeterConfiguration' of type [class org.springframework.cloud.netflix.feign.FeignAutoConfiguration$HystrixFeignTargeterConfiguration$$EnhancerBySpringCGLIB$$5d5e24d5] is not eligible for getting processed by all BeanPostProcessors (for example: not eligible for auto-proxying)
2017-07-17 16:20:33.841  INFO 15804 --- [           main] trationDelegate$BeanPostProcessorChecker : Bean 'feignTargeter' of type [class org.springframework.cloud.netflix.feign.HystrixTargeter] is not eligible for getting processed by all BeanPostProcessors (for example: not eligible for auto-proxying)
2017-07-17 16:20:33.847  INFO 15804 --- [           main] trationDelegate$BeanPostProcessorChecker : Bean 'com.piggymetrics.account.client.StatisticsServiceClient' of type [class org.springframework.cloud.netflix.feign.FeignClientFactoryBean] is not eligible for getting processed by all BeanPostProcessors (for example: not eligible for auto-proxying)
2017-07-17 16:20:33.858  INFO 15804 --- [           main] trationDelegate$BeanPostProcessorChecker : Bean 'com.piggymetrics.account.client.AuthServiceClient' of type [class org.springframework.cloud.netflix.feign.FeignClientFactoryBean] is not eligible for getting processed by all BeanPostProcessors (for example: not eligible for auto-proxying)
2017-07-17 16:20:33.883  INFO 15804 --- [           main] trationDelegate$BeanPostProcessorChecker : Bean 'org.springframework.security.config.annotation.configuration.ObjectPostProcessorConfiguration' of type [class org.springframework.security.config.annotation.configuration.ObjectPostProcessorConfiguration$$EnhancerBySpringCGLIB$$cb2ecbc9] is not eligible for getting processed by all BeanPostProcessors (for example: not eligible for auto-proxying)
2017-07-17 16:20:33.901  INFO 15804 --- [           main] trationDelegate$BeanPostProcessorChecker : Bean 'objectPostProcessor' of type [class org.springframework.security.config.annotation.configuration.AutowireBeanFactoryObjectPostProcessor] is not eligible for getting processed by all BeanPostProcessors (for example: not eligible for auto-proxying)
2017-07-17 16:20:33.907  INFO 15804 --- [           main] trationDelegate$BeanPostProcessorChecker : Bean 'org.springframework.security.access.expression.method.DefaultMethodSecurityExpressionHandler@5d54b96c' of type [class org.springframework.security.oauth2.provider.expression.OAuth2MethodSecurityExpressionHandler] is not eligible for getting processed by all BeanPostProcessors (for example: not eligible for auto-proxying)
2017-07-17 16:20:33.930  INFO 15804 --- [           main] trationDelegate$BeanPostProcessorChecker : Bean 'org.springframework.security.config.annotation.method.configuration.GlobalMethodSecurityConfiguration' of type [class org.springframework.security.config.annotation.method.configuration.GlobalMethodSecurityConfiguration$$EnhancerBySpringCGLIB$$f0036e7b] is not eligible for getting processed by all BeanPostProcessors (for example: not eligible for auto-proxying)
2017-07-17 16:20:33.957  INFO 15804 --- [           main] trationDelegate$BeanPostProcessorChecker : Bean 'methodSecurityMetadataSource' of type [class org.springframework.security.access.method.DelegatingMethodSecurityMetadataSource] is not eligible for getting processed by all BeanPostProcessors (for example: not eligible for auto-proxying)
2017-07-17 16:20:33.991  INFO 15804 --- [           main] trationDelegate$BeanPostProcessorChecker : Bean 'org.springframework.cloud.netflix.metrics.MetricsInterceptorConfiguration$MetricsRestTemplateConfiguration' of type [class org.springframework.cloud.netflix.metrics.MetricsInterceptorConfiguration$MetricsRestTemplateConfiguration$$EnhancerBySpringCGLIB$$64ada9d0] is not eligible for getting processed by all BeanPostProcessors (for example: not eligible for auto-proxying)
2017-07-17 16:20:34.083  INFO 15804 --- [           main] trationDelegate$BeanPostProcessorChecker : Bean 'integrationGlobalProperties' of type [class org.springframework.beans.factory.config.PropertiesFactoryBean] is not eligible for getting processed by all BeanPostProcessors (for example: not eligible for auto-proxying)
2017-07-17 16:20:34.092  INFO 15804 --- [           main] trationDelegate$BeanPostProcessorChecker : Bean 'integrationGlobalProperties' of type [class java.util.Properties] is not eligible for getting processed by all BeanPostProcessors (for example: not eligible for auto-proxying)
2017-07-17 16:20:34.156  INFO 15804 --- [           main] trationDelegate$BeanPostProcessorChecker : Bean 'org.springframework.cloud.autoconfigure.ConfigurationPropertiesRebinderAutoConfiguration' of type [class org.springframework.cloud.autoconfigure.ConfigurationPropertiesRebinderAutoConfiguration$$EnhancerBySpringCGLIB$$4e9b068c] is not eligible for getting processed by all BeanPostProcessors (for example: not eligible for auto-proxying)
2017-07-17 16:20:34.166  INFO 15804 --- [           main] trationDelegate$BeanPostProcessorChecker : Bean 'org.springframework.cloud.stream.config.ChannelBindingServiceConfiguration$PostProcessorConfiguration' of type [class org.springframework.cloud.stream.config.ChannelBindingServiceConfiguration$PostProcessorConfiguration$$EnhancerBySpringCGLIB$$2a4b9c1b] is not eligible for getting processed by all BeanPostProcessors (for example: not eligible for auto-proxying)
2017-07-17 16:20:34.697  INFO 15804 --- [           main] s.c.a.AnnotationConfigApplicationContext : Refreshing org.springframework.context.annotation.AnnotationConfigApplicationContext@5343ec9a: startup date [Mon Jul 17 16:20:34 CST 2017]; parent: org.springframework.web.context.support.GenericWebApplicationContext@41c96a67
2017-07-17 16:20:34.727  INFO 15804 --- [           main] f.a.AutowiredAnnotationBeanPostProcessor : JSR-330 'javax.inject.Inject' annotation found and supported for autowiring
2017-07-17 16:20:36.992  INFO 15804 --- [       Thread-6] o.s.b.a.mongo.embedded.EmbeddedMongo     : note: noprealloc may hurt performance in many applications
2017-07-17 16:20:36.997  INFO 15804 --- [       Thread-6] o.s.b.a.mongo.embedded.EmbeddedMongo     : 2017-07-17T16:20:36.869+0800 I CONTROL  [initandlisten] MongoDB starting : pid=17336 port=52220 dbpath=C:\Users\yiping\AppData\Local\Temp\embedmongo-db-92b460d5-3deb-4c2d-bcdb-13cf0a63a1ff 64-bit host=yiping
2017-07-17 16:20:36.997  INFO 15804 --- [       Thread-6] o.s.b.a.mongo.embedded.EmbeddedMongo     : 2017-07-17T16:20:36.870+0800 I CONTROL  [initandlisten] targetMinOS: Windows Vista/Windows Server 2008
2017-07-17 16:20:36.997  INFO 15804 --- [       Thread-6] o.s.b.a.mongo.embedded.EmbeddedMongo     : 2017-07-17T16:20:36.870+0800 I CONTROL  [initandlisten] db version v3.2.2
2017-07-17 16:20:36.997  INFO 15804 --- [       Thread-6] o.s.b.a.mongo.embedded.EmbeddedMongo     : 2017-07-17T16:20:36.870+0800 I CONTROL  [initandlisten] git version: 6e71d0d568e134c029203593b00a0103e7cdf30b
2017-07-17 16:20:36.997  INFO 15804 --- [       Thread-6] o.s.b.a.mongo.embedded.EmbeddedMongo     : 2017-07-17T16:20:36.870+0800 I CONTROL  [initandlisten] allocator: tcmalloc
2017-07-17 16:20:36.998  INFO 15804 --- [       Thread-6] o.s.b.a.mongo.embedded.EmbeddedMongo     : 2017-07-17T16:20:36.870+0800 I CONTROL  [initandlisten] modules: none
2017-07-17 16:20:36.998  INFO 15804 --- [       Thread-6] o.s.b.a.mongo.embedded.EmbeddedMongo     : 2017-07-17T16:20:36.870+0800 I CONTROL  [initandlisten] build environment:
2017-07-17 16:20:36.998  INFO 15804 --- [       Thread-6] o.s.b.a.mongo.embedded.EmbeddedMongo     : 2017-07-17T16:20:36.870+0800 I CONTROL  [initandlisten]     distarch: x86_64
2017-07-17 16:20:36.998  INFO 15804 --- [       Thread-6] o.s.b.a.mongo.embedded.EmbeddedMongo     : 2017-07-17T16:20:36.870+0800 I CONTROL  [initandlisten]     target_arch: x86_64
2017-07-17 16:20:36.999  INFO 15804 --- [       Thread-6] o.s.b.a.mongo.embedded.EmbeddedMongo     : 2017-07-17T16:20:36.870+0800 I CONTROL  [initandlisten] options: { net: { bindIp: "127.0.0.1", http: { enabled: false }, port: 52220 }, security: { authorization: "disabled" }, storage: { dbPath: "C:\Users\yiping\AppData\Local\Temp\embedmongo-db-92b460d5-3deb-4c2d-bcdb-13cf0a63a1ff", journal: { enabled: false }, mmapv1: { preallocDataFiles: false, smallFiles: true }, syncPeriodSecs: 0.0 } }
2017-07-17 16:20:36.999  INFO 15804 --- [       Thread-6] o.s.b.a.mongo.embedded.EmbeddedMongo     : 2017-07-17T16:20:36.871+0800 I STORAGE  [initandlisten] wiredtiger_open config: create,cache_size=4G,session_max=20000,eviction=(threads_max=4),config_base=false,statistics=(fast),log=(enabled=true,archive=true,path=journal,compressor=snappy),file_manager=(close_idle_time=100000),checkpoint=(wait=0,log_size=2GB),statistics_log=(wait=0),,log=(enabled=false),
2017-07-17 16:20:37.047  INFO 15804 --- [       Thread-6] o.s.b.a.mongo.embedded.EmbeddedMongo     : 2017-07-17T16:20:37.046+0800 W STORAGE  [initandlisten] Detected configuration for non-active storage engine mmapv1 when current storage engine is wiredTiger
2017-07-17 16:20:37.048  INFO 15804 --- [       Thread-6] o.s.b.a.mongo.embedded.EmbeddedMongo     : 2017-07-17T16:20:37.048+0800 I NETWORK  [HostnameCanonicalizationWorker] Starting hostname canonicalization worker
2017-07-17 16:20:37.049  INFO 15804 --- [       Thread-6] o.s.b.a.mongo.embedded.EmbeddedMongo     : 2017-07-17T16:20:37.048+0800 I FTDC     [initandlisten] Initializing full-time diagnostic data capture with directory 'C:/Users/yiping/AppData/Local/Temp/embedmongo-db-92b460d5-3deb-4c2d-bcdb-13cf0a63a1ff/diagnostic.data'
2017-07-17 16:20:37.116  INFO 15804 --- [       Thread-6] o.s.b.a.mongo.embedded.EmbeddedMongo     : 2017-07-17T16:20:37.116+0800 I NETWORK  [initandlisten] waiting for connections on port 52220
2017-07-17 16:20:37.117  INFO 15804 --- [           main] d.f.embed.process.runtime.Executable     : start de.flapdoodle.embed.mongo.config.MongodConfigBuilder$ImmutableMongodConfig@55c316d9
2017-07-17 16:20:37.611  INFO 15804 --- [           main] org.mongodb.driver.cluster               : Cluster created with settings {hosts=[localhost:52220], mode=MULTIPLE, requiredClusterType=UNKNOWN, serverSelectionTimeout='30000 ms', maxWaitQueueSize=500}
2017-07-17 16:20:37.611  INFO 15804 --- [           main] org.mongodb.driver.cluster               : Adding discovered server localhost:52220 to client view of cluster
2017-07-17 16:20:37.672  INFO 15804 --- [       Thread-6] o.s.b.a.mongo.embedded.EmbeddedMongo     : 2017-07-17T16:20:37.671+0800 I NETWORK  [initandlisten] connection accepted from 127.0.0.1:52221 #1 (1 connection now open)
2017-07-17 16:20:37.791  INFO 15804 --- [localhost:52220] org.mongodb.driver.connection            : Opened connection [connectionId{localValue:1, serverValue:1}] to localhost:52220
2017-07-17 16:20:37.796  INFO 15804 --- [localhost:52220] org.mongodb.driver.cluster               : Monitor thread successfully connected to server with description ServerDescription{address=localhost:52220, type=STANDALONE, state=CONNECTED, ok=true, version=ServerVersion{versionList=[3, 2, 2]}, minWireVersion=0, maxWireVersion=4, maxDocumentSize=16777216, roundTripTimeNanos=4180475}
2017-07-17 16:20:37.799  INFO 15804 --- [localhost:52220] org.mongodb.driver.cluster               : Discovered cluster type of STANDALONE
2017-07-17 16:20:39.004  INFO 15804 --- [           main] s.c.a.AnnotationConfigApplicationContext : Refreshing org.springframework.context.annotation.AnnotationConfigApplicationContext@40af787: startup date [Mon Jul 17 16:20:39 CST 2017]; parent: org.springframework.web.context.support.GenericWebApplicationContext@41c96a67
2017-07-17 16:20:39.014  INFO 15804 --- [           main] f.a.AutowiredAnnotationBeanPostProcessor : JSR-330 'javax.inject.Inject' annotation found and supported for autowiring
2017-07-17 16:20:40.133  INFO 15804 --- [           main] s.w.s.m.m.a.RequestMappingHandlerAdapter : Looking for @ControllerAdvice: org.springframework.web.context.support.GenericWebApplicationContext@41c96a67: startup date [Mon Jul 17 16:20:24 CST 2017]; parent: org.springframework.context.annotation.AnnotationConfigApplicationContext@17e31657
2017-07-17 16:20:40.309  INFO 15804 --- [           main] s.w.s.m.m.a.RequestMappingHandlerMapping : Mapped "{[/current],methods=[PUT]}" onto public void com.piggymetrics.account.controller.AccountController.saveCurrentAccount(java.security.Principal,com.piggymetrics.account.domain.Account)
2017-07-17 16:20:40.311  INFO 15804 --- [           main] s.w.s.m.m.a.RequestMappingHandlerMapping : Mapped "{[/current],methods=[GET]}" onto public com.piggymetrics.account.domain.Account com.piggymetrics.account.controller.AccountController.getCurrentAccount(java.security.Principal)
2017-07-17 16:20:40.311  INFO 15804 --- [           main] s.w.s.m.m.a.RequestMappingHandlerMapping : Mapped "{[/],methods=[POST]}" onto public com.piggymetrics.account.domain.Account com.piggymetrics.account.controller.AccountController.createNewAccount(com.piggymetrics.account.domain.User)
2017-07-17 16:20:40.312  INFO 15804 --- [           main] s.w.s.m.m.a.RequestMappingHandlerMapping : Mapped "{[/{name}],methods=[GET]}" onto public com.piggymetrics.account.domain.Account com.piggymetrics.account.controller.AccountController.getAccountByName(java.lang.String)
2017-07-17 16:20:40.313  INFO 15804 --- [           main] s.w.s.m.m.a.RequestMappingHandlerMapping : Mapped "{[/error]}" onto public org.springframework.http.ResponseEntity<java.util.Map<java.lang.String, java.lang.Object>> org.springframework.boot.autoconfigure.web.BasicErrorController.error(javax.servlet.http.HttpServletRequest)
2017-07-17 16:20:40.314  INFO 15804 --- [           main] s.w.s.m.m.a.RequestMappingHandlerMapping : Mapped "{[/error],produces=[text/html]}" onto public org.springframework.web.servlet.ModelAndView org.springframework.boot.autoconfigure.web.BasicErrorController.errorHtml(javax.servlet.http.HttpServletRequest,javax.servlet.http.HttpServletResponse)
2017-07-17 16:20:40.430  INFO 15804 --- [           main] o.s.w.s.handler.SimpleUrlHandlerMapping  : Mapped URL path [/webjars/**] onto handler of type [class org.springframework.web.servlet.resource.ResourceHttpRequestHandler]
2017-07-17 16:20:40.430  INFO 15804 --- [           main] o.s.w.s.handler.SimpleUrlHandlerMapping  : Mapped URL path [/**] onto handler of type [class org.springframework.web.servlet.resource.ResourceHttpRequestHandler]
2017-07-17 16:20:40.476  INFO 15804 --- [           main] .m.m.a.ExceptionHandlerExceptionResolver : Detected @ExceptionHandler methods in errorHandler
2017-07-17 16:20:40.540  INFO 15804 --- [           main] o.s.w.s.handler.SimpleUrlHandlerMapping  : Mapped URL path [/**/favicon.ico] onto handler of type [class org.springframework.web.servlet.resource.ResourceHttpRequestHandler]
2017-07-17 16:20:41.062  INFO 15804 --- [           main] b.a.s.AuthenticationManagerConfiguration : 

Using default security password: f895eba2-9df5-48fa-8929-9ddce7e655db

2017-07-17 16:20:41.387  INFO 15804 --- [           main] o.s.s.web.DefaultSecurityFilterChain     : Creating filter chain: OrRequestMatcher [requestMatchers=[Ant [pattern='/css/**'], Ant [pattern='/js/**'], Ant [pattern='/images/**'], Ant [pattern='/webjars/**'], Ant [pattern='/**/favicon.ico'], Ant [pattern='/error']]], []
2017-07-17 16:20:41.546  INFO 15804 --- [           main] o.s.s.web.DefaultSecurityFilterChain     : Creating filter chain: org.springframework.security.web.util.matcher.AnyRequestMatcher@1, [org.springframework.security.web.context.request.async.WebAsyncManagerIntegrationFilter@5be57032, org.springframework.security.web.context.SecurityContextPersistenceFilter@209c77f4, org.springframework.security.web.header.HeaderWriterFilter@561bb13a, org.springframework.security.web.authentication.logout.LogoutFilter@3e2a35e2, org.springframework.security.oauth2.provider.authentication.OAuth2AuthenticationProcessingFilter@4d56abb7, org.springframework.security.web.savedrequest.RequestCacheAwareFilter@6775815e, org.springframework.security.web.servletapi.SecurityContextHolderAwareRequestFilter@32e1065b, org.springframework.security.web.authentication.AnonymousAuthenticationFilter@5ff6811, org.springframework.security.web.session.SessionManagementFilter@2f8b14b0, org.springframework.security.web.access.ExceptionTranslationFilter@51b2d966, org.springframework.security.web.access.intercept.FilterSecurityInterceptor@3a7c8718]
2017-07-17 16:20:41.598  INFO 15804 --- [           main] o.s.s.web.DefaultSecurityFilterChain     : Creating filter chain: org.springframework.boot.actuate.autoconfigure.ManagementWebSecurityAutoConfiguration$LazyEndpointPathRequestMatcher@1760332e, [org.springframework.security.web.context.request.async.WebAsyncManagerIntegrationFilter@6b3c3bbc, org.springframework.security.web.context.SecurityContextPersistenceFilter@65649892, org.springframework.security.web.header.HeaderWriterFilter@3f803037, org.springframework.security.web.authentication.logout.LogoutFilter@5f9f3802, org.springframework.security.web.authentication.www.BasicAuthenticationFilter@411951a6, org.springframework.security.web.savedrequest.RequestCacheAwareFilter@6a85c961, org.springframework.security.web.servletapi.SecurityContextHolderAwareRequestFilter@54ba5d8e, org.springframework.security.web.authentication.AnonymousAuthenticationFilter@60a3d31c, org.springframework.security.web.session.SessionManagementFilter@1c84dc97, org.springframework.security.web.access.ExceptionTranslationFilter@5f143fc, org.springframework.security.web.access.intercept.FilterSecurityInterceptor@3f23f17]
2017-07-17 16:20:41.608  INFO 15804 --- [           main] o.s.s.web.DefaultSecurityFilterChain     : Creating filter chain: OrRequestMatcher [requestMatchers=[Ant [pattern='/**']]], [org.springframework.security.web.context.request.async.WebAsyncManagerIntegrationFilter@52cbf342, org.springframework.security.web.context.SecurityContextPersistenceFilter@a42704b, org.springframework.security.web.header.HeaderWriterFilter@5c6215f1, org.springframework.security.web.authentication.logout.LogoutFilter@715dac54, org.springframework.security.web.authentication.www.BasicAuthenticationFilter@68844a1c, org.springframework.security.web.savedrequest.RequestCacheAwareFilter@c73734c, org.springframework.security.web.servletapi.SecurityContextHolderAwareRequestFilter@407222ae, org.springframework.security.web.authentication.AnonymousAuthenticationFilter@1877985c, org.springframework.security.web.session.SessionManagementFilter@7ed9e8fc, org.springframework.security.web.access.ExceptionTranslationFilter@611ce57a, org.springframework.security.web.access.intercept.FilterSecurityInterceptor@78f1c92a]
2017-07-17 16:20:42.283  INFO 15804 --- [           main] o.s.s.c.ThreadPoolTaskScheduler          : Initializing ExecutorService  'taskScheduler'
2017-07-17 16:20:42.996  INFO 15804 --- [           main] o.s.b.a.e.mvc.EndpointHandlerMapping     : Mapped "{[/bus/refresh],methods=[POST]}" onto public void org.springframework.cloud.bus.endpoint.RefreshBusEndpoint.refresh(java.lang.String)
2017-07-17 16:20:42.997  INFO 15804 --- [           main] o.s.b.a.e.mvc.EndpointHandlerMapping     : Mapped "{[/heapdump || /heapdump.json],methods=[GET],produces=[application/octet-stream]}" onto public void org.springframework.boot.actuate.endpoint.mvc.HeapdumpMvcEndpoint.invoke(boolean,javax.servlet.http.HttpServletRequest,javax.servlet.http.HttpServletResponse) throws java.io.IOException,javax.servlet.ServletException
2017-07-17 16:20:43.000  INFO 15804 --- [           main] o.s.b.a.e.mvc.EndpointHandlerMapping     : Mapped "{[/beans || /beans.json],methods=[GET],produces=[application/json]}" onto public java.lang.Object org.springframework.boot.actuate.endpoint.mvc.EndpointMvcAdapter.invoke()
2017-07-17 16:20:43.000  INFO 15804 --- [           main] o.s.b.a.e.mvc.EndpointHandlerMapping     : Mapped "{[/bus/env],methods=[POST]}" onto public void org.springframework.cloud.bus.endpoint.EnvironmentBusEndpoint.env(java.util.Map<java.lang.String, java.lang.String>,java.lang.String)
2017-07-17 16:20:43.002  INFO 15804 --- [           main] o.s.b.a.e.mvc.EndpointHandlerMapping     : Mapped "{[/info || /info.json],methods=[GET],produces=[application/json]}" onto public java.lang.Object org.springframework.boot.actuate.endpoint.mvc.EndpointMvcAdapter.invoke()
2017-07-17 16:20:43.004  INFO 15804 --- [           main] o.s.b.a.e.mvc.EndpointHandlerMapping     : Mapped "{[/autoconfig || /autoconfig.json],methods=[GET],produces=[application/json]}" onto public java.lang.Object org.springframework.boot.actuate.endpoint.mvc.EndpointMvcAdapter.invoke()
2017-07-17 16:20:43.005  INFO 15804 --- [           main] o.s.b.a.e.mvc.EndpointHandlerMapping     : Mapped "{[/archaius || /archaius.json],methods=[GET],produces=[application/json]}" onto public java.lang.Object org.springframework.boot.actuate.endpoint.mvc.EndpointMvcAdapter.invoke()
2017-07-17 16:20:43.006  INFO 15804 --- [           main] o.s.b.a.e.mvc.EndpointHandlerMapping     : Mapped "{[/health || /health.json],produces=[application/json]}" onto public java.lang.Object org.springframework.boot.actuate.endpoint.mvc.HealthMvcEndpoint.invoke(java.security.Principal)
2017-07-17 16:20:43.007  INFO 15804 --- [           main] o.s.b.a.e.mvc.EndpointHandlerMapping     : Mapped "{[/mappings || /mappings.json],methods=[GET],produces=[application/json]}" onto public java.lang.Object org.springframework.boot.actuate.endpoint.mvc.EndpointMvcAdapter.invoke()
2017-07-17 16:20:43.011  INFO 15804 --- [           main] o.s.b.a.e.mvc.EndpointHandlerMapping     : Mapped "{[/configprops || /configprops.json],methods=[GET],produces=[application/json]}" onto public java.lang.Object org.springframework.boot.actuate.endpoint.mvc.EndpointMvcAdapter.invoke()
2017-07-17 16:20:43.014  INFO 15804 --- [           main] o.s.b.a.e.mvc.EndpointHandlerMapping     : Mapped "{[/dump || /dump.json],methods=[GET],produces=[application/json]}" onto public java.lang.Object org.springframework.boot.actuate.endpoint.mvc.EndpointMvcAdapter.invoke()
2017-07-17 16:20:43.015  INFO 15804 --- [           main] o.s.b.a.e.mvc.EndpointHandlerMapping     : Mapped "{[/pause || /pause.json],methods=[POST]}" onto public java.lang.Object org.springframework.cloud.endpoint.GenericPostableMvcEndpoint.invoke()
2017-07-17 16:20:43.022  INFO 15804 --- [           main] o.s.b.a.e.mvc.EndpointHandlerMapping     : Mapped "{[/env],methods=[POST]}" onto public java.lang.Object org.springframework.cloud.context.environment.EnvironmentManagerMvcEndpoint.value(java.util.Map<java.lang.String, java.lang.String>)
2017-07-17 16:20:43.023  INFO 15804 --- [           main] o.s.b.a.e.mvc.EndpointHandlerMapping     : Mapped "{[/env/reset],methods=[POST]}" onto public java.util.Map<java.lang.String, java.lang.Object> org.springframework.cloud.context.environment.EnvironmentManagerMvcEndpoint.reset()
2017-07-17 16:20:43.030  INFO 15804 --- [           main] o.s.b.a.e.mvc.EndpointHandlerMapping     : Mapped "{[/trace || /trace.json],methods=[GET],produces=[application/json]}" onto public java.lang.Object org.springframework.boot.actuate.endpoint.mvc.EndpointMvcAdapter.invoke()
2017-07-17 16:20:43.035  INFO 15804 --- [           main] o.s.b.a.e.mvc.EndpointHandlerMapping     : Mapped "{[/env/{name:.*}],methods=[GET],produces=[application/json]}" onto public java.lang.Object org.springframework.boot.actuate.endpoint.mvc.EnvironmentMvcEndpoint.value(java.lang.String)
2017-07-17 16:20:43.035  INFO 15804 --- [           main] o.s.b.a.e.mvc.EndpointHandlerMapping     : Mapped "{[/env || /env.json],methods=[GET],produces=[application/json]}" onto public java.lang.Object org.springframework.boot.actuate.endpoint.mvc.EndpointMvcAdapter.invoke()
2017-07-17 16:20:43.038  INFO 15804 --- [           main] o.s.b.a.e.mvc.EndpointHandlerMapping     : Mapped "{[/metrics/{name:.*}],methods=[GET],produces=[application/json]}" onto public java.lang.Object org.springframework.boot.actuate.endpoint.mvc.MetricsMvcEndpoint.value(java.lang.String)
2017-07-17 16:20:43.039  INFO 15804 --- [           main] o.s.b.a.e.mvc.EndpointHandlerMapping     : Mapped "{[/metrics || /metrics.json],methods=[GET],produces=[application/json]}" onto public java.lang.Object org.springframework.boot.actuate.endpoint.mvc.EndpointMvcAdapter.invoke()
2017-07-17 16:20:43.041  INFO 15804 --- [           main] o.s.b.a.e.mvc.EndpointHandlerMapping     : Mapped "{[/restart || /restart.json],methods=[POST]}" onto public java.lang.Object org.springframework.cloud.context.restart.RestartMvcEndpoint.invoke()
2017-07-17 16:20:43.042  INFO 15804 --- [           main] o.s.b.a.e.mvc.EndpointHandlerMapping     : Mapped "{[/resume || /resume.json],methods=[POST]}" onto public java.lang.Object org.springframework.cloud.endpoint.GenericPostableMvcEndpoint.invoke()
2017-07-17 16:20:43.044  INFO 15804 --- [           main] o.s.b.a.e.mvc.EndpointHandlerMapping     : Mapped "{[/refresh || /refresh.json],methods=[POST]}" onto public java.lang.Object org.springframework.cloud.endpoint.GenericPostableMvcEndpoint.invoke()
2017-07-17 16:20:43.744  INFO 15804 --- [           main] o.s.integration.channel.DirectChannel    : Channel 'application:-1.springCloudBusInput' has 1 subscriber(s).
2017-07-17 16:20:43.853  WARN 15804 --- [           main] o.s.c.n.a.ArchaiusAutoConfiguration      : No spring.application.name found, defaulting to 'application'
2017-07-17 16:20:43.864  WARN 15804 --- [           main] c.n.c.sources.URLConfigurationSource     : No URLs will be polled as dynamic configuration sources.
2017-07-17 16:20:43.864  INFO 15804 --- [           main] c.n.c.sources.URLConfigurationSource     : To enable URLs as dynamic configuration sources, define System property archaius.configurationSource.additionalUrls or make config.properties available on classpath.
2017-07-17 16:20:43.879  WARN 15804 --- [           main] c.n.c.sources.URLConfigurationSource     : No URLs will be polled as dynamic configuration sources.
2017-07-17 16:20:43.879  INFO 15804 --- [           main] c.n.c.sources.URLConfigurationSource     : To enable URLs as dynamic configuration sources, define System property archaius.configurationSource.additionalUrls or make config.properties available on classpath.
2017-07-17 16:20:44.150  INFO 15804 --- [           main] o.s.i.codec.kryo.CompositeKryoRegistrar  : configured Kryo registration [40, java.io.File] with serializer org.springframework.integration.codec.kryo.FileSerializer
2017-07-17 16:20:44.807  INFO 15804 --- [           main] o.s.c.support.DefaultLifecycleProcessor  : Starting beans in phase -2147482648
2017-07-17 16:20:45.386  INFO 15804 --- [           main] s.c.a.AnnotationConfigApplicationContext : Refreshing org.springframework.context.annotation.AnnotationConfigApplicationContext@785bcc58: startup date [Mon Jul 17 16:20:45 CST 2017]; root of context hierarchy
2017-07-17 16:20:45.420  INFO 15804 --- [           main] f.a.AutowiredAnnotationBeanPostProcessor : JSR-330 'javax.inject.Inject' annotation found and supported for autowiring
2017-07-17 16:20:45.438  INFO 15804 --- [           main] trationDelegate$BeanPostProcessorChecker : Bean 'configurationPropertiesRebinderAutoConfiguration' of type [class org.springframework.cloud.autoconfigure.ConfigurationPropertiesRebinderAutoConfiguration$$EnhancerBySpringCGLIB$$4e9b068c] is not eligible for getting processed by all BeanPostProcessors (for example: not eligible for auto-proxying)
2017-07-17 16:20:45.899  INFO 15804 --- [           main] c.c.c.ConfigServicePropertySourceLocator : Fetching config from server at: http://localhost:8888
2017-07-17 16:20:46.906  WARN 15804 --- [           main] c.c.c.ConfigServicePropertySourceLocator : Could not locate PropertySource: I/O error on GET request for "http://localhost:8888/application/default": Connection refused: connect; nested exception is java.net.ConnectException: Connection refused: connect
2017-07-17 16:20:46.912  INFO 15804 --- [           main] o.a.maven.surefire.booter.ForkedBooter   : No active profile set, falling back to default profiles: default
2017-07-17 16:20:46.936  INFO 15804 --- [           main] s.c.a.AnnotationConfigApplicationContext : Refreshing org.springframework.context.annotation.AnnotationConfigApplicationContext@4fec1bc2: startup date [Mon Jul 17 16:20:46 CST 2017]; parent: org.springframework.web.context.support.GenericWebApplicationContext@41c96a67
2017-07-17 16:20:47.027  INFO 15804 --- [           main] f.a.AutowiredAnnotationBeanPostProcessor : JSR-330 'javax.inject.Inject' annotation found and supported for autowiring
2017-07-17 16:20:47.160  INFO 15804 --- [           main] o.s.c.support.GenericApplicationContext  : Refreshing org.springframework.context.support.GenericApplicationContext@495bd08e: startup date [Mon Jul 17 16:20:47 CST 2017]; root of context hierarchy
2017-07-17 16:20:47.222  INFO 15804 --- [           main] o.a.maven.surefire.booter.ForkedBooter   : Started ForkedBooter in 2.39 seconds (JVM running for 29.793)
2017-07-17 16:20:48.272  WARN 15804 --- [           main] o.s.amqp.rabbit.core.RabbitAdmin         : Failed to declare exchange: Exchange [name=springCloudBus, type=topic, durable=true, autoDelete=false, internal=false, arguments={}], continuing... org.springframework.amqp.AmqpConnectException: java.net.ConnectException: Connection refused: connect
2017-07-17 16:20:48.313  INFO 15804 --- [           main] o.s.integration.channel.DirectChannel    : Channel 'application:-1.springCloudBusOutput' has 1 subscriber(s).
2017-07-17 16:20:49.323  WARN 15804 --- [           main] o.s.amqp.rabbit.core.RabbitAdmin         : Failed to declare exchange: Exchange [name=springCloudHystrixStream, type=topic, durable=true, autoDelete=false, internal=false, arguments={}], continuing... org.springframework.amqp.AmqpConnectException: java.net.ConnectException: Connection refused: connect
2017-07-17 16:20:49.325  INFO 15804 --- [           main] o.s.integration.channel.DirectChannel    : Channel 'application:-1.hystrixStreamOutput' has 1 subscriber(s).
2017-07-17 16:20:49.326  INFO 15804 --- [           main] o.s.c.support.DefaultLifecycleProcessor  : Starting beans in phase 0
2017-07-17 16:20:49.327  INFO 15804 --- [           main] o.s.i.endpoint.EventDrivenConsumer       : Adding {logging-channel-adapter:_org.springframework.integration.errorLogger} as a subscriber to the 'errorChannel' channel
2017-07-17 16:20:49.328  INFO 15804 --- [           main] o.s.i.channel.PublishSubscribeChannel    : Channel 'application:-1.errorChannel' has 1 subscriber(s).
2017-07-17 16:20:49.330  INFO 15804 --- [           main] o.s.i.endpoint.EventDrivenConsumer       : started _org.springframework.integration.errorLogger
2017-07-17 16:20:49.330  INFO 15804 --- [           main] o.s.c.support.DefaultLifecycleProcessor  : Starting beans in phase 2147482647
2017-07-17 16:20:49.421  INFO 15804 --- [           main] o.s.c.s.b.r.RabbitMessageChannelBinder   : declaring queue for inbound: springCloudBus.anonymous.5UHWabuwT0yNiz5C1XMaTw, bound to: springCloudBus
2017-07-17 16:20:50.435  WARN 15804 --- [           main] o.s.amqp.rabbit.core.RabbitAdmin         : Failed to declare exchange: Exchange [name=springCloudBus, type=topic, durable=true, autoDelete=false, internal=false, arguments={}], continuing... org.springframework.amqp.AmqpConnectException: java.net.ConnectException: Connection refused: connect
2017-07-17 16:20:51.439  WARN 15804 --- [           main] o.s.amqp.rabbit.core.RabbitAdmin         : Failed to declare queue: Queue [name=springCloudBus.anonymous.5UHWabuwT0yNiz5C1XMaTw, durable=false, autoDelete=true, exclusive=true, arguments=null], continuing... org.springframework.amqp.AmqpConnectException: java.net.ConnectException: Connection refused: connect
2017-07-17 16:20:52.461  WARN 15804 --- [           main] o.s.amqp.rabbit.core.RabbitAdmin         : Failed to declare binding: Binding [destination=springCloudBus.anonymous.5UHWabuwT0yNiz5C1XMaTw, exchange=springCloudBus, routingKey=#], continuing... org.springframework.amqp.AmqpConnectException: java.net.ConnectException: Connection refused: connect
2017-07-17 16:20:53.573  INFO 15804 --- [           main] o.s.i.a.i.AmqpInboundChannelAdapter      : started inbound.springCloudBus.anonymous.sTbwmQKeQxuJWWlmlQprVg
2017-07-17 16:20:53.575  INFO 15804 --- [           main] o.s.i.endpoint.EventDrivenConsumer       : Adding {message-handler:inbound.springCloudBus.default} as a subscriber to the 'bridge.springCloudBus' channel
2017-07-17 16:20:53.575  INFO 15804 --- [           main] o.s.i.endpoint.EventDrivenConsumer       : started inbound.springCloudBus.default
2017-07-17 16:20:53.577  INFO 15804 --- [           main] o.s.c.support.DefaultLifecycleProcessor  : Starting beans in phase 2147483647
2017-07-17 16:20:53.647  INFO 15804 --- [           main] c.p.a.AccountServiceApplicationTests     : Started AccountServiceApplicationTests in 34.126 seconds (JVM running for 36.218)
Tests run: 1, Failures: 0, Errors: 0, Skipped: 0, Time elapsed: 34.481 sec - in com.piggymetrics.account.AccountServiceApplicationTests
Running com.piggymetrics.account.controller.AccountControllerTest
2017-07-17 16:20:53.745  INFO 15804 --- [           main] o.s.t.c.support.AbstractContextLoader    : Could not detect default resource locations for test class [com.piggymetrics.account.controller.AccountControllerTest]: no resource found for suffixes {-context.xml, Context.groovy}.
2017-07-17 16:20:53.761  INFO 15804 --- [           main] o.s.t.c.web.WebTestContextBootstrapper   : Loaded default TestExecutionListener class names from location [META-INF/spring.factories]: [org.springframework.boot.test.mock.mockito.MockitoTestExecutionListener, org.springframework.boot.test.mock.mockito.ResetMocksTestExecutionListener, org.springframework.boot.test.autoconfigure.restdocs.RestDocsTestExecutionListener, org.springframework.boot.test.autoconfigure.web.client.MockRestServiceServerResetTestExecutionListener, org.springframework.boot.test.autoconfigure.web.servlet.MockMvcPrintOnlyOnFailureTestExecutionListener, org.springframework.boot.test.autoconfigure.web.servlet.WebDriverTestExecutionListener, org.springframework.test.context.web.ServletTestExecutionListener, org.springframework.test.context.support.DirtiesContextBeforeModesTestExecutionListener, org.springframework.test.context.support.DependencyInjectionTestExecutionListener, org.springframework.test.context.support.DirtiesContextTestExecutionListener, org.springframework.test.context.transaction.TransactionalTestExecutionListener, org.springframework.test.context.jdbc.SqlScriptsTestExecutionListener]
2017-07-17 16:20:53.762  INFO 15804 --- [           main] o.s.t.c.web.WebTestContextBootstrapper   : Using TestExecutionListeners: [org.springframework.test.context.web.ServletTestExecutionListener@71af4d8f, org.springframework.test.context.support.DirtiesContextBeforeModesTestExecutionListener@642690ed, org.springframework.test.context.support.DependencyInjectionTestExecutionListener@39fdcf59, org.springframework.test.context.support.DirtiesContextTestExecutionListener@243d1b0e, org.springframework.test.context.transaction.TransactionalTestExecutionListener@2f75f933, org.springframework.test.context.jdbc.SqlScriptsTestExecutionListener@7f84a5c8, org.springframework.boot.test.mock.mockito.MockitoTestExecutionListener@28542a66, org.springframework.boot.test.autoconfigure.web.servlet.WebDriverTestExecutionListener@64fda109, org.springframework.boot.test.autoconfigure.restdocs.RestDocsTestExecutionListener@64c170c4, org.springframework.boot.test.autoconfigure.web.servlet.MockMvcPrintOnlyOnFailureTestExecutionListener@3e312371, org.springframework.boot.test.autoconfigure.web.client.MockRestServiceServerResetTestExecutionListener@37bf29cb, org.springframework.boot.test.mock.mockito.ResetMocksTestExecutionListener@3ec333dc]
2017-07-17 16:20:54.048  INFO 15804 --- [           main] ilder$StaticRequestMappingHandlerMapping : Mapped "{[/current],methods=[PUT]}" onto public void com.piggymetrics.account.controller.AccountController.saveCurrentAccount(java.security.Principal,com.piggymetrics.account.domain.Account)
2017-07-17 16:20:54.049  INFO 15804 --- [           main] ilder$StaticRequestMappingHandlerMapping : Mapped "{[/current],methods=[GET]}" onto public com.piggymetrics.account.domain.Account com.piggymetrics.account.controller.AccountController.getCurrentAccount(java.security.Principal)
2017-07-17 16:20:54.049  INFO 15804 --- [           main] ilder$StaticRequestMappingHandlerMapping : Mapped "{[/],methods=[POST]}" onto public com.piggymetrics.account.domain.Account com.piggymetrics.account.controller.AccountController.createNewAccount(com.piggymetrics.account.domain.User)
2017-07-17 16:20:54.049  INFO 15804 --- [           main] ilder$StaticRequestMappingHandlerMapping : Mapped "{[/{name}],methods=[GET]}" onto public com.piggymetrics.account.domain.Account com.piggymetrics.account.controller.AccountController.getAccountByName(java.lang.String)
2017-07-17 16:20:54.070  INFO 15804 --- [           main] s.w.s.m.m.a.RequestMappingHandlerAdapter : Looking for @ControllerAdvice: org.springframework.test.web.servlet.setup.StubWebApplicationContext@54acbaaf
2017-07-17 16:20:54.095  INFO 15804 --- [           main] o.s.mock.web.MockServletContext          : Initializing Spring FrameworkServlet ''
2017-07-17 16:20:54.095  INFO 15804 --- [           main] o.s.t.web.servlet.TestDispatcherServlet  : FrameworkServlet '': initialization started
2017-07-17 16:20:54.096  INFO 15804 --- [           main] o.s.t.web.servlet.TestDispatcherServlet  : FrameworkServlet '': initialization completed in 1 ms
2017-07-17 16:20:54.305  INFO 15804 --- [           main] ilder$StaticRequestMappingHandlerMapping : Mapped "{[/current],methods=[PUT]}" onto public void com.piggymetrics.account.controller.AccountController.saveCurrentAccount(java.security.Principal,com.piggymetrics.account.domain.Account)
2017-07-17 16:20:54.305  INFO 15804 --- [           main] ilder$StaticRequestMappingHandlerMapping : Mapped "{[/current],methods=[GET]}" onto public com.piggymetrics.account.domain.Account com.piggymetrics.account.controller.AccountController.getCurrentAccount(java.security.Principal)
2017-07-17 16:20:54.306  INFO 15804 --- [           main] ilder$StaticRequestMappingHandlerMapping : Mapped "{[/],methods=[POST]}" onto public com.piggymetrics.account.domain.Account com.piggymetrics.account.controller.AccountController.createNewAccount(com.piggymetrics.account.domain.User)
2017-07-17 16:20:54.306  INFO 15804 --- [           main] ilder$StaticRequestMappingHandlerMapping : Mapped "{[/{name}],methods=[GET]}" onto public com.piggymetrics.account.domain.Account com.piggymetrics.account.controller.AccountController.getAccountByName(java.lang.String)
2017-07-17 16:20:54.319  INFO 15804 --- [           main] s.w.s.m.m.a.RequestMappingHandlerAdapter : Looking for @ControllerAdvice: org.springframework.test.web.servlet.setup.StubWebApplicationContext@2eeae129
2017-07-17 16:20:54.327  INFO 15804 --- [           main] o.s.mock.web.MockServletContext          : Initializing Spring FrameworkServlet ''
2017-07-17 16:20:54.328  INFO 15804 --- [           main] o.s.t.web.servlet.TestDispatcherServlet  : FrameworkServlet '': initialization started
2017-07-17 16:20:54.328  INFO 15804 --- [           main] o.s.t.web.servlet.TestDispatcherServlet  : FrameworkServlet '': initialization completed in 0 ms
2017-07-17 16:20:54.748  INFO 15804 --- [           main] ilder$StaticRequestMappingHandlerMapping : Mapped "{[/current],methods=[PUT]}" onto public void com.piggymetrics.account.controller.AccountController.saveCurrentAccount(java.security.Principal,com.piggymetrics.account.domain.Account)
2017-07-17 16:20:54.749  INFO 15804 --- [           main] ilder$StaticRequestMappingHandlerMapping : Mapped "{[/current],methods=[GET]}" onto public com.piggymetrics.account.domain.Account com.piggymetrics.account.controller.AccountController.getCurrentAccount(java.security.Principal)
2017-07-17 16:20:54.749  INFO 15804 --- [           main] ilder$StaticRequestMappingHandlerMapping : Mapped "{[/],methods=[POST]}" onto public com.piggymetrics.account.domain.Account com.piggymetrics.account.controller.AccountController.createNewAccount(com.piggymetrics.account.domain.User)
2017-07-17 16:20:54.749  INFO 15804 --- [           main] ilder$StaticRequestMappingHandlerMapping : Mapped "{[/{name}],methods=[GET]}" onto public com.piggymetrics.account.domain.Account com.piggymetrics.account.controller.AccountController.getAccountByName(java.lang.String)
2017-07-17 16:20:54.767  INFO 15804 --- [           main] s.w.s.m.m.a.RequestMappingHandlerAdapter : Looking for @ControllerAdvice: org.springframework.test.web.servlet.setup.StubWebApplicationContext@64ac2054
2017-07-17 16:20:54.774  INFO 15804 --- [           main] o.s.mock.web.MockServletContext          : Initializing Spring FrameworkServlet ''
2017-07-17 16:20:54.774  INFO 15804 --- [           main] o.s.t.web.servlet.TestDispatcherServlet  : FrameworkServlet '': initialization started
2017-07-17 16:20:54.775  INFO 15804 --- [           main] o.s.t.web.servlet.TestDispatcherServlet  : FrameworkServlet '': initialization completed in 1 ms
2017-07-17 16:20:54.791  INFO 15804 --- [           main] ilder$StaticRequestMappingHandlerMapping : Mapped "{[/current],methods=[PUT]}" onto public void com.piggymetrics.account.controller.AccountController.saveCurrentAccount(java.security.Principal,com.piggymetrics.account.domain.Account)
2017-07-17 16:20:54.792  INFO 15804 --- [           main] ilder$StaticRequestMappingHandlerMapping : Mapped "{[/current],methods=[GET]}" onto public com.piggymetrics.account.domain.Account com.piggymetrics.account.controller.AccountController.getCurrentAccount(java.security.Principal)
2017-07-17 16:20:54.792  INFO 15804 --- [           main] ilder$StaticRequestMappingHandlerMapping : Mapped "{[/],methods=[POST]}" onto public com.piggymetrics.account.domain.Account com.piggymetrics.account.controller.AccountController.createNewAccount(com.piggymetrics.account.domain.User)
2017-07-17 16:20:54.792  INFO 15804 --- [           main] ilder$StaticRequestMappingHandlerMapping : Mapped "{[/{name}],methods=[GET]}" onto public com.piggymetrics.account.domain.Account com.piggymetrics.account.controller.AccountController.getAccountByName(java.lang.String)
2017-07-17 16:20:54.813  INFO 15804 --- [           main] s.w.s.m.m.a.RequestMappingHandlerAdapter : Looking for @ControllerAdvice: org.springframework.test.web.servlet.setup.StubWebApplicationContext@583d3e73
2017-07-17 16:20:54.818  INFO 15804 --- [           main] o.s.mock.web.MockServletContext          : Initializing Spring FrameworkServlet ''
2017-07-17 16:20:54.819  INFO 15804 --- [           main] o.s.t.web.servlet.TestDispatcherServlet  : FrameworkServlet '': initialization started
2017-07-17 16:20:54.819  INFO 15804 --- [           main] o.s.t.web.servlet.TestDispatcherServlet  : FrameworkServlet '': initialization completed in 0 ms
{"username":"test","password":"password"}
2017-07-17 16:20:54.842  INFO 15804 --- [           main] ilder$StaticRequestMappingHandlerMapping : Mapped "{[/current],methods=[PUT]}" onto public void com.piggymetrics.account.controller.AccountController.saveCurrentAccount(java.security.Principal,com.piggymetrics.account.domain.Account)
2017-07-17 16:20:54.842  INFO 15804 --- [           main] ilder$StaticRequestMappingHandlerMapping : Mapped "{[/current],methods=[GET]}" onto public com.piggymetrics.account.domain.Account com.piggymetrics.account.controller.AccountController.getCurrentAccount(java.security.Principal)
2017-07-17 16:20:54.842  INFO 15804 --- [           main] ilder$StaticRequestMappingHandlerMapping : Mapped "{[/],methods=[POST]}" onto public com.piggymetrics.account.domain.Account com.piggymetrics.account.controller.AccountController.createNewAccount(com.piggymetrics.account.domain.User)
2017-07-17 16:20:54.843  INFO 15804 --- [           main] ilder$StaticRequestMappingHandlerMapping : Mapped "{[/{name}],methods=[GET]}" onto public com.piggymetrics.account.domain.Account com.piggymetrics.account.controller.AccountController.getAccountByName(java.lang.String)
2017-07-17 16:20:54.864  INFO 15804 --- [           main] s.w.s.m.m.a.RequestMappingHandlerAdapter : Looking for @ControllerAdvice: org.springframework.test.web.servlet.setup.StubWebApplicationContext@2406f848
2017-07-17 16:20:54.869  INFO 15804 --- [           main] o.s.mock.web.MockServletContext          : Initializing Spring FrameworkServlet ''
2017-07-17 16:20:54.869  INFO 15804 --- [           main] o.s.t.web.servlet.TestDispatcherServlet  : FrameworkServlet '': initialization started
2017-07-17 16:20:54.869  INFO 15804 --- [           main] o.s.t.web.servlet.TestDispatcherServlet  : FrameworkServlet '': initialization completed in 0 ms
2017-07-17 16:20:54.962  INFO 15804 --- [           main] ilder$StaticRequestMappingHandlerMapping : Mapped "{[/current],methods=[PUT]}" onto public void com.piggymetrics.account.controller.AccountController.saveCurrentAccount(java.security.Principal,com.piggymetrics.account.domain.Account)
2017-07-17 16:20:54.963  INFO 15804 --- [           main] ilder$StaticRequestMappingHandlerMapping : Mapped "{[/current],methods=[GET]}" onto public com.piggymetrics.account.domain.Account com.piggymetrics.account.controller.AccountController.getCurrentAccount(java.security.Principal)
2017-07-17 16:20:54.966  INFO 15804 --- [           main] ilder$StaticRequestMappingHandlerMapping : Mapped "{[/],methods=[POST]}" onto public com.piggymetrics.account.domain.Account com.piggymetrics.account.controller.AccountController.createNewAccount(com.piggymetrics.account.domain.User)
2017-07-17 16:20:54.967  INFO 15804 --- [           main] ilder$StaticRequestMappingHandlerMapping : Mapped "{[/{name}],methods=[GET]}" onto public com.piggymetrics.account.domain.Account com.piggymetrics.account.controller.AccountController.getAccountByName(java.lang.String)
2017-07-17 16:20:54.985  INFO 15804 --- [           main] s.w.s.m.m.a.RequestMappingHandlerAdapter : Looking for @ControllerAdvice: org.springframework.test.web.servlet.setup.StubWebApplicationContext@4fb719be
2017-07-17 16:20:54.993  INFO 15804 --- [           main] o.s.mock.web.MockServletContext          : Initializing Spring FrameworkServlet ''
2017-07-17 16:20:54.994  INFO 15804 --- [           main] o.s.t.web.servlet.TestDispatcherServlet  : FrameworkServlet '': initialization started
2017-07-17 16:20:54.995  INFO 15804 --- [           main] o.s.t.web.servlet.TestDispatcherServlet  : FrameworkServlet '': initialization completed in 0 ms
Tests run: 6, Failures: 0, Errors: 0, Skipped: 0, Time elapsed: 1.246 sec - in com.piggymetrics.account.controller.AccountControllerTest
Running com.piggymetrics.account.repository.AccountRepositoryTest
2017-07-17 16:20:55.018  INFO 15804 --- [           main] o.s.t.c.support.AbstractContextLoader    : Could not detect default resource locations for test class [com.piggymetrics.account.repository.AccountRepositoryTest]: no resource found for suffixes {-context.xml, Context.groovy}.
2017-07-17 16:20:55.034  INFO 15804 --- [           main] o.s.t.c.s.DefaultTestContextBootstrapper : Loaded default TestExecutionListener class names from location [META-INF/spring.factories]: [org.springframework.boot.test.mock.mockito.MockitoTestExecutionListener, org.springframework.boot.test.mock.mockito.ResetMocksTestExecutionListener, org.springframework.boot.test.autoconfigure.restdocs.RestDocsTestExecutionListener, org.springframework.boot.test.autoconfigure.web.client.MockRestServiceServerResetTestExecutionListener, org.springframework.boot.test.autoconfigure.web.servlet.MockMvcPrintOnlyOnFailureTestExecutionListener, org.springframework.boot.test.autoconfigure.web.servlet.WebDriverTestExecutionListener, org.springframework.test.context.web.ServletTestExecutionListener, org.springframework.test.context.support.DirtiesContextBeforeModesTestExecutionListener, org.springframework.test.context.support.DependencyInjectionTestExecutionListener, org.springframework.test.context.support.DirtiesContextTestExecutionListener, org.springframework.test.context.transaction.TransactionalTestExecutionListener, org.springframework.test.context.jdbc.SqlScriptsTestExecutionListener]
2017-07-17 16:20:55.035  INFO 15804 --- [           main] o.s.t.c.s.DefaultTestContextBootstrapper : Using TestExecutionListeners: [org.springframework.test.context.web.ServletTestExecutionListener@165859f3, org.springframework.test.context.support.DirtiesContextBeforeModesTestExecutionListener@94a87bf, org.springframework.test.context.support.DependencyInjectionTestExecutionListener@86400ba, org.springframework.test.context.support.DirtiesContextTestExecutionListener@140110af, org.springframework.test.context.transaction.TransactionalTestExecutionListener@40c2541d, org.springframework.test.context.jdbc.SqlScriptsTestExecutionListener@1de844c5, org.springframework.boot.test.mock.mockito.MockitoTestExecutionListener@35a1e612, org.springframework.boot.test.autoconfigure.web.servlet.WebDriverTestExecutionListener@29b91c61, org.springframework.boot.test.autoconfigure.restdocs.RestDocsTestExecutionListener@7b09c7f7, org.springframework.boot.test.autoconfigure.web.servlet.MockMvcPrintOnlyOnFailureTestExecutionListener@24187a3f, org.springframework.boot.test.autoconfigure.web.client.MockRestServiceServerResetTestExecutionListener@1e3399d8, org.springframework.boot.test.mock.mockito.ResetMocksTestExecutionListener@7f88c46b]
2017-07-17 16:20:55.479  INFO 15804 --- [           main] s.c.a.AnnotationConfigApplicationContext : Refreshing org.springframework.context.annotation.AnnotationConfigApplicationContext@ee889d4: startup date [Mon Jul 17 16:20:55 CST 2017]; root of context hierarchy
2017-07-17 16:20:55.499  INFO 15804 --- [           main] f.a.AutowiredAnnotationBeanPostProcessor : JSR-330 'javax.inject.Inject' annotation found and supported for autowiring
2017-07-17 16:20:55.512  INFO 15804 --- [           main] trationDelegate$BeanPostProcessorChecker : Bean 'configurationPropertiesRebinderAutoConfiguration' of type [class org.springframework.cloud.autoconfigure.ConfigurationPropertiesRebinderAutoConfiguration$$EnhancerBySpringCGLIB$$4e9b068c] is not eligible for getting processed by all BeanPostProcessors (for example: not eligible for auto-proxying)

  .   ____          _            __ _ _
 /\\ / ___'_ __ _ _(_)_ __  __ _ \ \ \ \
( ( )\___ | '_ | '_| | '_ \/ _` | \ \ \ \
 \\/  ___)| |_)| | | | | || (_| |  ) ) ) )
  '  |____| .__|_| |_|_| |_\__, | / / / /
 =========|_|==============|___/=/_/_/_/
 :: Spring Boot ::        (v1.4.5.RELEASE)

2017-07-17 16:20:55.903  INFO 15804 --- [           main] c.c.c.ConfigServicePropertySourceLocator : Fetching config from server at: http://localhost:8888
2017-07-17 16:20:56.912  WARN 15804 --- [           main] c.c.c.ConfigServicePropertySourceLocator : Could not locate PropertySource: I/O error on GET request for "http://localhost:8888/application/default": Connection refused: connect; nested exception is java.net.ConnectException: Connection refused: connect
2017-07-17 16:20:56.916  INFO 15804 --- [           main] c.p.a.repository.AccountRepositoryTest   : No active profile set, falling back to default profiles: default
2017-07-17 16:20:56.924  INFO 15804 --- [           main] s.c.a.AnnotationConfigApplicationContext : Refreshing org.springframework.context.annotation.AnnotationConfigApplicationContext@30301206: startup date [Mon Jul 17 16:20:56 CST 2017]; parent: org.springframework.context.annotation.AnnotationConfigApplicationContext@ee889d4
2017-07-17 16:20:57.878  INFO 15804 --- [           main] o.s.b.f.s.DefaultListableBeanFactory     : Overriding bean definition for bean 'oauth2ClientContext' with a different definition: replacing [Root bean: class [org.springframework.aop.scope.ScopedProxyFactoryBean]; scope=; abstract=false; lazyInit=false; autowireMode=0; dependencyCheck=0; autowireCandidate=true; primary=false; factoryBeanName=null; factoryMethodName=null; initMethodName=null; destroyMethodName=null; defined in BeanDefinition defined in org.springframework.security.oauth2.config.annotation.web.configuration.OAuth2ClientConfiguration$OAuth2ClientContextConfiguration] with [Root bean: class [null]; scope=; abstract=false; lazyInit=false; autowireMode=3; dependencyCheck=0; autowireCandidate=true; primary=false; factoryBeanName=org.springframework.boot.autoconfigure.security.oauth2.client.OAuth2RestOperationsConfiguration$SingletonScopedConfiguration; factoryMethodName=oauth2ClientContext; initMethodName=null; destroyMethodName=(inferred); defined in class path resource [org/springframework/boot/autoconfigure/security/oauth2/client/OAuth2RestOperationsConfiguration$SingletonScopedConfiguration.class]]
2017-07-17 16:20:57.989  INFO 15804 --- [           main] o.s.i.config.IntegrationRegistrar        : No bean named 'integrationHeaderChannelRegistry' has been explicitly defined. Therefore, a default DefaultHeaderChannelRegistry will be created.
2017-07-17 16:20:58.159  WARN 15804 --- [           main] o.s.c.a.ConfigurationClassPostProcessor  : Cannot enhance @Configuration bean definition 'refreshScope' since its singleton instance has been created too early. The typical cause is a non-static @Bean method with a BeanDefinitionRegistryPostProcessor return type: Consider declaring such methods as 'static'.
2017-07-17 16:20:58.170  INFO 15804 --- [           main] o.s.cloud.context.scope.GenericScope     : BeanFactory id=a67c30b5-7911-3e7c-8432-3a3dde734978
2017-07-17 16:20:58.177  INFO 15804 --- [           main] faultConfiguringBeanFactoryPostProcessor : No bean named 'errorChannel' has been explicitly defined. Therefore, a default PublishSubscribeChannel will be created.
2017-07-17 16:20:58.178  INFO 15804 --- [           main] faultConfiguringBeanFactoryPostProcessor : No bean named 'taskScheduler' has been explicitly defined. Therefore, a default ThreadPoolTaskScheduler will be created.
2017-07-17 16:20:58.182  INFO 15804 --- [           main] f.a.AutowiredAnnotationBeanPostProcessor : JSR-330 'javax.inject.Inject' annotation found and supported for autowiring
2017-07-17 16:20:58.205  INFO 15804 --- [           main] trationDelegate$BeanPostProcessorChecker : Bean 'org.springframework.amqp.rabbit.annotation.RabbitBootstrapConfiguration' of type [class org.springframework.amqp.rabbit.annotation.RabbitBootstrapConfiguration$$EnhancerBySpringCGLIB$$f8ecc1bd] is not eligible for getting processed by all BeanPostProcessors (for example: not eligible for auto-proxying)
2017-07-17 16:20:58.260  INFO 15804 --- [           main] trationDelegate$BeanPostProcessorChecker : Bean 'org.springframework.cloud.netflix.metrics.MetricsInterceptorConfiguration$MetricsRestTemplateConfiguration' of type [class org.springframework.cloud.netflix.metrics.MetricsInterceptorConfiguration$MetricsRestTemplateConfiguration$$EnhancerBySpringCGLIB$$64ada9d0] is not eligible for getting processed by all BeanPostProcessors (for example: not eligible for auto-proxying)
2017-07-17 16:20:58.286  INFO 15804 --- [           main] trationDelegate$BeanPostProcessorChecker : Bean 'org.springframework.cloud.netflix.feign.FeignAutoConfiguration$HystrixFeignTargeterConfiguration' of type [class org.springframework.cloud.netflix.feign.FeignAutoConfiguration$HystrixFeignTargeterConfiguration$$EnhancerBySpringCGLIB$$5d5e24d5] is not eligible for getting processed by all BeanPostProcessors (for example: not eligible for auto-proxying)
2017-07-17 16:20:58.290  INFO 15804 --- [           main] trationDelegate$BeanPostProcessorChecker : Bean 'feignTargeter' of type [class org.springframework.cloud.netflix.feign.HystrixTargeter] is not eligible for getting processed by all BeanPostProcessors (for example: not eligible for auto-proxying)
2017-07-17 16:20:58.295  INFO 15804 --- [           main] trationDelegate$BeanPostProcessorChecker : Bean 'com.piggymetrics.account.client.StatisticsServiceClient' of type [class org.springframework.cloud.netflix.feign.FeignClientFactoryBean] is not eligible for getting processed by all BeanPostProcessors (for example: not eligible for auto-proxying)
2017-07-17 16:20:58.300  INFO 15804 --- [           main] trationDelegate$BeanPostProcessorChecker : Bean 'com.piggymetrics.account.client.AuthServiceClient' of type [class org.springframework.cloud.netflix.feign.FeignClientFactoryBean] is not eligible for getting processed by all BeanPostProcessors (for example: not eligible for auto-proxying)
2017-07-17 16:20:58.313  INFO 15804 --- [           main] trationDelegate$BeanPostProcessorChecker : Bean 'org.springframework.security.config.annotation.configuration.ObjectPostProcessorConfiguration' of type [class org.springframework.security.config.annotation.configuration.ObjectPostProcessorConfiguration$$EnhancerBySpringCGLIB$$cb2ecbc9] is not eligible for getting processed by all BeanPostProcessors (for example: not eligible for auto-proxying)
2017-07-17 16:20:58.319  INFO 15804 --- [           main] trationDelegate$BeanPostProcessorChecker : Bean 'objectPostProcessor' of type [class org.springframework.security.config.annotation.configuration.AutowireBeanFactoryObjectPostProcessor] is not eligible for getting processed by all BeanPostProcessors (for example: not eligible for auto-proxying)
2017-07-17 16:20:58.322  INFO 15804 --- [           main] trationDelegate$BeanPostProcessorChecker : Bean 'org.springframework.security.access.expression.method.DefaultMethodSecurityExpressionHandler@42906ba6' of type [class org.springframework.security.oauth2.provider.expression.OAuth2MethodSecurityExpressionHandler] is not eligible for getting processed by all BeanPostProcessors (for example: not eligible for auto-proxying)
2017-07-17 16:20:58.336  INFO 15804 --- [           main] trationDelegate$BeanPostProcessorChecker : Bean 'org.springframework.security.config.annotation.method.configuration.GlobalMethodSecurityConfiguration' of type [class org.springframework.security.config.annotation.method.configuration.GlobalMethodSecurityConfiguration$$EnhancerBySpringCGLIB$$f0036e7b] is not eligible for getting processed by all BeanPostProcessors (for example: not eligible for auto-proxying)
2017-07-17 16:20:58.340  INFO 15804 --- [           main] trationDelegate$BeanPostProcessorChecker : Bean 'methodSecurityMetadataSource' of type [class org.springframework.security.access.method.DelegatingMethodSecurityMetadataSource] is not eligible for getting processed by all BeanPostProcessors (for example: not eligible for auto-proxying)
2017-07-17 16:20:58.364  INFO 15804 --- [           main] trationDelegate$BeanPostProcessorChecker : Bean 'integrationGlobalProperties' of type [class org.springframework.beans.factory.config.PropertiesFactoryBean] is not eligible for getting processed by all BeanPostProcessors (for example: not eligible for auto-proxying)
2017-07-17 16:20:58.365  INFO 15804 --- [           main] trationDelegate$BeanPostProcessorChecker : Bean 'integrationGlobalProperties' of type [class java.util.Properties] is not eligible for getting processed by all BeanPostProcessors (for example: not eligible for auto-proxying)
2017-07-17 16:20:58.383  INFO 15804 --- [           main] trationDelegate$BeanPostProcessorChecker : Bean 'org.springframework.cloud.autoconfigure.ConfigurationPropertiesRebinderAutoConfiguration' of type [class org.springframework.cloud.autoconfigure.ConfigurationPropertiesRebinderAutoConfiguration$$EnhancerBySpringCGLIB$$4e9b068c] is not eligible for getting processed by all BeanPostProcessors (for example: not eligible for auto-proxying)
2017-07-17 16:20:58.393  INFO 15804 --- [           main] trationDelegate$BeanPostProcessorChecker : Bean 'org.springframework.cloud.stream.config.ChannelBindingServiceConfiguration$PostProcessorConfiguration' of type [class org.springframework.cloud.stream.config.ChannelBindingServiceConfiguration$PostProcessorConfiguration$$EnhancerBySpringCGLIB$$2a4b9c1b] is not eligible for getting processed by all BeanPostProcessors (for example: not eligible for auto-proxying)
2017-07-17 16:20:58.534  INFO 15804 --- [           main] s.c.a.AnnotationConfigApplicationContext : Refreshing org.springframework.context.annotation.AnnotationConfigApplicationContext@5e425ceb: startup date [Mon Jul 17 16:20:58 CST 2017]; parent: org.springframework.context.annotation.AnnotationConfigApplicationContext@30301206
2017-07-17 16:20:58.541  INFO 15804 --- [           main] f.a.AutowiredAnnotationBeanPostProcessor : JSR-330 'javax.inject.Inject' annotation found and supported for autowiring
2017-07-17 16:20:58.716  WARN 15804 --- [0yNiz5C1XMaTw-1] o.s.a.r.l.SimpleMessageListenerContainer : Consumer raised exception, processing can restart if the connection factory supports it. Exception summary: org.springframework.amqp.AmqpConnectException: java.net.ConnectException: Connection refused: connect
2017-07-17 16:20:58.717  INFO 15804 --- [0yNiz5C1XMaTw-1] o.s.a.r.l.SimpleMessageListenerContainer : Restarting Consumer: tags=[{}], channel=null, acknowledgeMode=AUTO local queue size=0
2017-07-17 16:20:58.937  INFO 15804 --- [           main] s.c.a.AnnotationConfigApplicationContext : Refreshing org.springframework.context.annotation.AnnotationConfigApplicationContext@e5516ff: startup date [Mon Jul 17 16:20:58 CST 2017]; parent: org.springframework.context.annotation.AnnotationConfigApplicationContext@30301206
2017-07-17 16:20:58.944  INFO 15804 --- [           main] f.a.AutowiredAnnotationBeanPostProcessor : JSR-330 'javax.inject.Inject' annotation found and supported for autowiring
2017-07-17 16:20:59.586  INFO 15804 --- [      Thread-15] o.s.b.a.mongo.embedded.EmbeddedMongo     : note: noprealloc may hurt performance in many applications
2017-07-17 16:20:59.619  INFO 15804 --- [      Thread-15] o.s.b.a.mongo.embedded.EmbeddedMongo     : 2017-07-17T16:20:59.618+0800 I CONTROL  [initandlisten] MongoDB starting : pid=17220 port=52237 dbpath=C:\Users\yiping\AppData\Local\Temp\embedmongo-db-911f808f-bb38-41d3-834b-2d9b942afc56 64-bit host=yiping
2017-07-17 16:20:59.619  INFO 15804 --- [      Thread-15] o.s.b.a.mongo.embedded.EmbeddedMongo     : 2017-07-17T16:20:59.619+0800 I CONTROL  [initandlisten] targetMinOS: Windows Vista/Windows Server 2008
2017-07-17 16:20:59.619  INFO 15804 --- [      Thread-15] o.s.b.a.mongo.embedded.EmbeddedMongo     : 2017-07-17T16:20:59.619+0800 I CONTROL  [initandlisten] db version v3.2.2
2017-07-17 16:20:59.619  INFO 15804 --- [      Thread-15] o.s.b.a.mongo.embedded.EmbeddedMongo     : 2017-07-17T16:20:59.619+0800 I CONTROL  [initandlisten] git version: 6e71d0d568e134c029203593b00a0103e7cdf30b
2017-07-17 16:20:59.619  INFO 15804 --- [      Thread-15] o.s.b.a.mongo.embedded.EmbeddedMongo     : 2017-07-17T16:20:59.619+0800 I CONTROL  [initandlisten] allocator: tcmalloc
2017-07-17 16:20:59.619  INFO 15804 --- [      Thread-15] o.s.b.a.mongo.embedded.EmbeddedMongo     : 2017-07-17T16:20:59.619+0800 I CONTROL  [initandlisten] modules: none
2017-07-17 16:20:59.619  INFO 15804 --- [      Thread-15] o.s.b.a.mongo.embedded.EmbeddedMongo     : 2017-07-17T16:20:59.619+0800 I CONTROL  [initandlisten] build environment:
2017-07-17 16:20:59.620  INFO 15804 --- [      Thread-15] o.s.b.a.mongo.embedded.EmbeddedMongo     : 2017-07-17T16:20:59.619+0800 I CONTROL  [initandlisten]     distarch: x86_64
2017-07-17 16:20:59.620  INFO 15804 --- [      Thread-15] o.s.b.a.mongo.embedded.EmbeddedMongo     : 2017-07-17T16:20:59.619+0800 I CONTROL  [initandlisten]     target_arch: x86_64
2017-07-17 16:20:59.620  INFO 15804 --- [      Thread-15] o.s.b.a.mongo.embedded.EmbeddedMongo     : 2017-07-17T16:20:59.619+0800 I CONTROL  [initandlisten] options: { net: { bindIp: "127.0.0.1", http: { enabled: false }, port: 52237 }, security: { authorization: "disabled" }, storage: { dbPath: "C:\Users\yiping\AppData\Local\Temp\embedmongo-db-911f808f-bb38-41d3-834b-2d9b942afc56", journal: { enabled: false }, mmapv1: { preallocDataFiles: false, smallFiles: true }, syncPeriodSecs: 0.0 } }
2017-07-17 16:20:59.622  INFO 15804 --- [      Thread-15] o.s.b.a.mongo.embedded.EmbeddedMongo     : 2017-07-17T16:20:59.621+0800 I STORAGE  [initandlisten] wiredtiger_open config: create,cache_size=4G,session_max=20000,eviction=(threads_max=4),config_base=false,statistics=(fast),log=(enabled=true,archive=true,path=journal,compressor=snappy),file_manager=(close_idle_time=100000),checkpoint=(wait=0,log_size=2GB),statistics_log=(wait=0),,log=(enabled=false),
2017-07-17 16:20:59.807  INFO 15804 --- [      Thread-15] o.s.b.a.mongo.embedded.EmbeddedMongo     : 2017-07-17T16:20:59.807+0800 W STORAGE  [initandlisten] Detected configuration for non-active storage engine mmapv1 when current storage engine is wiredTiger
2017-07-17 16:20:59.816  INFO 15804 --- [      Thread-15] o.s.b.a.mongo.embedded.EmbeddedMongo     : 2017-07-17T16:20:59.816+0800 I NETWORK  [HostnameCanonicalizationWorker] Starting hostname canonicalization worker
2017-07-17 16:20:59.817  INFO 15804 --- [      Thread-15] o.s.b.a.mongo.embedded.EmbeddedMongo     : 2017-07-17T16:20:59.816+0800 I FTDC     [initandlisten] Initializing full-time diagnostic data capture with directory 'C:/Users/yiping/AppData/Local/Temp/embedmongo-db-911f808f-bb38-41d3-834b-2d9b942afc56/diagnostic.data'
2017-07-17 16:20:59.889  INFO 15804 --- [      Thread-15] o.s.b.a.mongo.embedded.EmbeddedMongo     : 2017-07-17T16:20:59.889+0800 I NETWORK  [initandlisten] waiting for connections on port 52237
2017-07-17 16:20:59.889  INFO 15804 --- [           main] d.f.embed.process.runtime.Executable     : start de.flapdoodle.embed.mongo.config.MongodConfigBuilder$ImmutableMongodConfig@4355c28e
2017-07-17 16:20:59.901  INFO 15804 --- [           main] org.mongodb.driver.cluster               : Cluster created with settings {hosts=[localhost:52237], mode=MULTIPLE, requiredClusterType=UNKNOWN, serverSelectionTimeout='30000 ms', maxWaitQueueSize=500}
2017-07-17 16:20:59.901  INFO 15804 --- [           main] org.mongodb.driver.cluster               : Adding discovered server localhost:52237 to client view of cluster
2017-07-17 16:20:59.903  INFO 15804 --- [      Thread-15] o.s.b.a.mongo.embedded.EmbeddedMongo     : 2017-07-17T16:20:59.903+0800 I NETWORK  [initandlisten] connection accepted from 127.0.0.1:52238 #1 (1 connection now open)
2017-07-17 16:20:59.910  INFO 15804 --- [localhost:52237] org.mongodb.driver.connection            : Opened connection [connectionId{localValue:2, serverValue:1}] to localhost:52237
2017-07-17 16:20:59.913  INFO 15804 --- [localhost:52237] org.mongodb.driver.cluster               : Monitor thread successfully connected to server with description ServerDescription{address=localhost:52237, type=STANDALONE, state=CONNECTED, ok=true, version=ServerVersion{versionList=[3, 2, 2]}, minWireVersion=0, maxWireVersion=4, maxDocumentSize=16777216, roundTripTimeNanos=2268584}
2017-07-17 16:20:59.914  INFO 15804 --- [localhost:52237] org.mongodb.driver.cluster               : Discovered cluster type of STANDALONE
2017-07-17 16:21:00.385  INFO 15804 --- [           main] b.a.s.AuthenticationManagerConfiguration : 

Using default security password: f2dfdb0b-f97c-4767-9685-7c0024f2d933

2017-07-17 16:21:00.714  INFO 15804 --- [           main] o.s.s.c.ThreadPoolTaskScheduler          : Initializing ExecutorService  'taskScheduler'
2017-07-17 16:21:01.401  INFO 15804 --- [           main] o.s.integration.channel.DirectChannel    : Channel 'application:-1.springCloudBusInput' has 1 subscriber(s).
2017-07-17 16:21:01.476  WARN 15804 --- [           main] o.s.c.n.a.ArchaiusAutoConfiguration      : Netflix ConfigurationManager has already been installed, unable to re-install
2017-07-17 16:21:01.558  INFO 15804 --- [           main] o.s.i.codec.kryo.CompositeKryoRegistrar  : configured Kryo registration [40, java.io.File] with serializer org.springframework.integration.codec.kryo.FileSerializer
2017-07-17 16:21:01.967  INFO 15804 --- [           main] o.s.c.support.DefaultLifecycleProcessor  : Starting beans in phase -2147482648
2017-07-17 16:21:02.386  INFO 15804 --- [           main] s.c.a.AnnotationConfigApplicationContext : Refreshing org.springframework.context.annotation.AnnotationConfigApplicationContext@2cda64dd: startup date [Mon Jul 17 16:21:02 CST 2017]; root of context hierarchy
2017-07-17 16:21:02.421  INFO 15804 --- [           main] f.a.AutowiredAnnotationBeanPostProcessor : JSR-330 'javax.inject.Inject' annotation found and supported for autowiring
2017-07-17 16:21:02.441  INFO 15804 --- [           main] trationDelegate$BeanPostProcessorChecker : Bean 'configurationPropertiesRebinderAutoConfiguration' of type [class org.springframework.cloud.autoconfigure.ConfigurationPropertiesRebinderAutoConfiguration$$EnhancerBySpringCGLIB$$4e9b068c] is not eligible for getting processed by all BeanPostProcessors (for example: not eligible for auto-proxying)
2017-07-17 16:21:02.879  INFO 15804 --- [           main] c.c.c.ConfigServicePropertySourceLocator : Fetching config from server at: http://localhost:8888
2017-07-17 16:21:03.890  WARN 15804 --- [           main] c.c.c.ConfigServicePropertySourceLocator : Could not locate PropertySource: I/O error on GET request for "http://localhost:8888/application/default": Connection refused: connect; nested exception is java.net.ConnectException: Connection refused: connect
2017-07-17 16:21:03.893  INFO 15804 --- [           main] o.a.maven.surefire.booter.ForkedBooter   : No active profile set, falling back to default profiles: default
2017-07-17 16:21:03.919  INFO 15804 --- [           main] s.c.a.AnnotationConfigApplicationContext : Refreshing org.springframework.context.annotation.AnnotationConfigApplicationContext@786e926b: startup date [Mon Jul 17 16:21:03 CST 2017]; parent: org.springframework.context.annotation.AnnotationConfigApplicationContext@30301206
2017-07-17 16:21:03.992  INFO 15804 --- [           main] f.a.AutowiredAnnotationBeanPostProcessor : JSR-330 'javax.inject.Inject' annotation found and supported for autowiring
2017-07-17 16:21:04.181  INFO 15804 --- [           main] o.s.c.support.GenericApplicationContext  : Refreshing org.springframework.context.support.GenericApplicationContext@5c0b9068: startup date [Mon Jul 17 16:21:04 CST 2017]; root of context hierarchy
2017-07-17 16:21:04.268  INFO 15804 --- [           main] o.a.maven.surefire.booter.ForkedBooter   : Started ForkedBooter in 2.281 seconds (JVM running for 46.838)
2017-07-17 16:21:04.838  WARN 15804 --- [0yNiz5C1XMaTw-2] o.s.a.r.l.SimpleMessageListenerContainer : Consumer raised exception, processing can restart if the connection factory supports it. Exception summary: org.springframework.amqp.AmqpConnectException: java.net.ConnectException: Connection refused: connect
2017-07-17 16:21:04.838  INFO 15804 --- [0yNiz5C1XMaTw-2] o.s.a.r.l.SimpleMessageListenerContainer : Restarting Consumer: tags=[{}], channel=null, acknowledgeMode=AUTO local queue size=0
2017-07-17 16:21:05.298  WARN 15804 --- [           main] o.s.amqp.rabbit.core.RabbitAdmin         : Failed to declare exchange: Exchange [name=springCloudBus, type=topic, durable=true, autoDelete=false, internal=false, arguments={}], continuing... org.springframework.amqp.AmqpConnectException: java.net.ConnectException: Connection refused: connect
2017-07-17 16:21:05.300  INFO 15804 --- [           main] o.s.integration.channel.DirectChannel    : Channel 'application:-1.springCloudBusOutput' has 1 subscriber(s).
2017-07-17 16:21:06.315  WARN 15804 --- [           main] o.s.amqp.rabbit.core.RabbitAdmin         : Failed to declare exchange: Exchange [name=springCloudHystrixStream, type=topic, durable=true, autoDelete=false, internal=false, arguments={}], continuing... org.springframework.amqp.AmqpConnectException: java.net.ConnectException: Connection refused: connect
2017-07-17 16:21:06.315  INFO 15804 --- [           main] o.s.integration.channel.DirectChannel    : Channel 'application:-1.hystrixStreamOutput' has 1 subscriber(s).
2017-07-17 16:21:06.315  INFO 15804 --- [           main] o.s.c.support.DefaultLifecycleProcessor  : Starting beans in phase 0
2017-07-17 16:21:06.315  INFO 15804 --- [           main] o.s.i.endpoint.EventDrivenConsumer       : Adding {logging-channel-adapter:_org.springframework.integration.errorLogger} as a subscriber to the 'errorChannel' channel
2017-07-17 16:21:06.315  INFO 15804 --- [           main] o.s.i.channel.PublishSubscribeChannel    : Channel 'application:-1.errorChannel' has 1 subscriber(s).
2017-07-17 16:21:06.315  INFO 15804 --- [           main] o.s.i.endpoint.EventDrivenConsumer       : started _org.springframework.integration.errorLogger
2017-07-17 16:21:06.315  INFO 15804 --- [           main] o.s.c.support.DefaultLifecycleProcessor  : Starting beans in phase 2147482647
2017-07-17 16:21:06.361  INFO 15804 --- [           main] o.s.c.s.b.r.RabbitMessageChannelBinder   : declaring queue for inbound: springCloudBus.anonymous.rW0qD0a_S4y22sTxQoAiWg, bound to: springCloudBus
2017-07-17 16:21:07.364  WARN 15804 --- [           main] o.s.amqp.rabbit.core.RabbitAdmin         : Failed to declare exchange: Exchange [name=springCloudBus, type=topic, durable=true, autoDelete=false, internal=false, arguments={}], continuing... org.springframework.amqp.AmqpConnectException: java.net.ConnectException: Connection refused: connect
2017-07-17 16:21:08.367  WARN 15804 --- [           main] o.s.amqp.rabbit.core.RabbitAdmin         : Failed to declare queue: Queue [name=springCloudBus.anonymous.rW0qD0a_S4y22sTxQoAiWg, durable=false, autoDelete=true, exclusive=true, arguments=null], continuing... org.springframework.amqp.AmqpConnectException: java.net.ConnectException: Connection refused: connect
2017-07-17 16:21:09.371  WARN 15804 --- [           main] o.s.amqp.rabbit.core.RabbitAdmin         : Failed to declare binding: Binding [destination=springCloudBus.anonymous.rW0qD0a_S4y22sTxQoAiWg, exchange=springCloudBus, routingKey=#], continuing... org.springframework.amqp.AmqpConnectException: java.net.ConnectException: Connection refused: connect
2017-07-17 16:21:10.390  INFO 15804 --- [           main] o.s.i.a.i.AmqpInboundChannelAdapter      : started inbound.springCloudBus.anonymous.20CENuyuQ5-RUtVOXiCS4w
2017-07-17 16:21:10.392  INFO 15804 --- [           main] o.s.i.endpoint.EventDrivenConsumer       : Adding {message-handler:inbound.springCloudBus.default} as a subscriber to the 'bridge.springCloudBus' channel
2017-07-17 16:21:10.393  INFO 15804 --- [           main] o.s.i.endpoint.EventDrivenConsumer       : started inbound.springCloudBus.default
2017-07-17 16:21:10.393  INFO 15804 --- [           main] o.s.c.support.DefaultLifecycleProcessor  : Starting beans in phase 2147483647
2017-07-17 16:21:10.453  INFO 15804 --- [           main] c.p.a.repository.AccountRepositoryTest   : Started AccountRepositoryTest in 15.406 seconds (JVM running for 53.023)
2017-07-17 16:21:10.534  INFO 15804 --- [      Thread-15] o.s.b.a.mongo.embedded.EmbeddedMongo     : 2017-07-17T16:21:10.534+0800 I NETWORK  [initandlisten] connection accepted from 127.0.0.1:52250 #2 (2 connections now open)
2017-07-17 16:21:10.538  INFO 15804 --- [           main] org.mongodb.driver.connection            : Opened connection [connectionId{localValue:3, serverValue:2}] to localhost:52237
Tests run: 1, Failures: 0, Errors: 0, Skipped: 0, Time elapsed: 15.813 sec - in com.piggymetrics.account.repository.AccountRepositoryTest
Running com.piggymetrics.account.service.AccountServiceTest
2017-07-17 16:21:10.860  WARN 15804 --- [0yNiz5C1XMaTw-3] o.s.a.r.l.SimpleMessageListenerContainer : Consumer raised exception, processing can restart if the connection factory supports it. Exception summary: org.springframework.amqp.AmqpConnectException: java.net.ConnectException: Connection refused: connect
2017-07-17 16:21:10.860  INFO 15804 --- [0yNiz5C1XMaTw-3] o.s.a.r.l.SimpleMessageListenerContainer : Restarting Consumer: tags=[{}], channel=null, acknowledgeMode=AUTO local queue size=0
2017-07-17 16:21:10.905  INFO 15804 --- [           main] c.p.account.service.AccountServiceImpl   : new account has been created: test
Tests run: 5, Failures: 0, Errors: 0, Skipped: 0, Time elapsed: 0.008 sec - in com.piggymetrics.account.service.AccountServiceTest
2017-07-17 16:21:10.914  INFO 15804 --- [      Thread-10] o.s.w.c.s.GenericWebApplicationContext   : Closing org.springframework.web.context.support.GenericWebApplicationContext@41c96a67: startup date [Mon Jul 17 16:20:24 CST 2017]; parent: org.springframework.context.annotation.AnnotationConfigApplicationContext@17e31657
2017-07-17 16:21:10.916  INFO 15804 --- [      Thread-10] s.c.a.AnnotationConfigApplicationContext : Closing org.springframework.context.annotation.AnnotationConfigApplicationContext@4fec1bc2: startup date [Mon Jul 17 16:20:46 CST 2017]; parent: org.springframework.web.context.support.GenericWebApplicationContext@41c96a67
2017-07-17 16:21:10.918  INFO 15804 --- [       Thread-6] o.s.b.a.mongo.embedded.EmbeddedMongo     : 2017-07-17T16:21:10.917+0800 I NETWORK  [initandlisten] connection accepted from 127.0.0.1:52252 #2 (2 connections now open)
2017-07-17 16:21:10.918  INFO 15804 --- [      Thread-15] o.s.b.a.mongo.embedded.EmbeddedMongo     : 2017-07-17T16:21:10.918+0800 I NETWORK  [initandlisten] connection accepted from 127.0.0.1:52253 #3 (3 connections now open)
2017-07-17 16:21:10.919  INFO 15804 --- [      Thread-19] s.c.a.AnnotationConfigApplicationContext : Closing org.springframework.context.annotation.AnnotationConfigApplicationContext@30301206: startup date [Mon Jul 17 16:20:56 CST 2017]; parent: org.springframework.context.annotation.AnnotationConfigApplicationContext@ee889d4
2017-07-17 16:21:10.921  INFO 15804 --- [      Thread-19] s.c.a.AnnotationConfigApplicationContext : Closing org.springframework.context.annotation.AnnotationConfigApplicationContext@786e926b: startup date [Mon Jul 17 16:21:03 CST 2017]; parent: org.springframework.context.annotation.AnnotationConfigApplicationContext@30301206
2017-07-17 16:21:10.929  INFO 15804 --- [      Thread-10] o.s.c.support.DefaultLifecycleProcessor  : Stopping beans in phase 2147483647
2017-07-17 16:21:10.929  INFO 15804 --- [      Thread-10] o.s.c.support.DefaultLifecycleProcessor  : Stopping beans in phase 2147482647
2017-07-17 16:21:10.935  INFO 15804 --- [      Thread-19] o.s.c.support.DefaultLifecycleProcessor  : Stopping beans in phase 2147483647
2017-07-17 16:21:10.935  INFO 15804 --- [      Thread-19] o.s.c.support.DefaultLifecycleProcessor  : Stopping beans in phase 2147482647
2017-07-17 16:21:10.937  INFO 15804 --- [      Thread-15] o.s.b.a.mongo.embedded.EmbeddedMongo     : 2017-07-17T16:21:10.937+0800 I COMMAND  [conn3] terminating, shutdown command received
2017-07-17 16:21:10.954  INFO 15804 --- [      Thread-15] o.s.b.a.mongo.embedded.EmbeddedMongo     : 2017-07-17T16:21:10.954+0800 I FTDC     [conn3] Shutting down full-time diagnostic data capture
2017-07-17 16:21:10.954  INFO 15804 --- [       Thread-6] o.s.b.a.mongo.embedded.EmbeddedMongo     : 2017-07-17T16:21:10.954+0800 I COMMAND  [conn2] terminating, shutdown command received
2017-07-17 16:21:10.955  INFO 15804 --- [       Thread-6] o.s.b.a.mongo.embedded.EmbeddedMongo     : 2017-07-17T16:21:10.955+0800 I FTDC     [conn2] Shutting down full-time diagnostic data capture
2017-07-17 16:21:10.986  INFO 15804 --- [       Thread-6] o.s.b.a.mongo.embedded.EmbeddedMongo     : 2017-07-17T16:21:10.986+0800 I CONTROL  [conn2] now exiting
2017-07-17 16:21:10.987  INFO 15804 --- [       Thread-6] o.s.b.a.mongo.embedded.EmbeddedMongo     : 2017-07-17T16:21:10.986+0800 I NETWORK  [conn2] shutdown: going to close listening sockets...
2017-07-17 16:21:10.987  INFO 15804 --- [       Thread-6] o.s.b.a.mongo.embedded.EmbeddedMongo     : 2017-07-17T16:21:10.986+0800 I NETWORK  [conn2] closing listening socket: 612
2017-07-17 16:21:10.987  INFO 15804 --- [       Thread-6] o.s.b.a.mongo.embedded.EmbeddedMongo     : 2017-07-17T16:21:10.987+0800 I NETWORK  [conn2] shutdown: going to flush diaglog...
2017-07-17 16:21:10.988  INFO 15804 --- [       Thread-6] o.s.b.a.mongo.embedded.EmbeddedMongo     : 2017-07-17T16:21:10.988+0800 I NETWORK  [conn2] shutdown: going to close sockets...
2017-07-17 16:21:10.992  INFO 15804 --- [      Thread-15] o.s.b.a.mongo.embedded.EmbeddedMongo     : 2017-07-17T16:21:10.992+0800 I CONTROL  [conn3] now exiting
2017-07-17 16:21:10.992  INFO 15804 --- [      Thread-15] o.s.b.a.mongo.embedded.EmbeddedMongo     : 2017-07-17T16:21:10.992+0800 I NETWORK  [conn3] shutdown: going to close listening sockets...
2017-07-17 16:21:10.992  INFO 15804 --- [      Thread-15] o.s.b.a.mongo.embedded.EmbeddedMongo     : 2017-07-17T16:21:10.992+0800 I NETWORK  [conn3] closing listening socket: 596
2017-07-17 16:21:10.992  INFO 15804 --- [      Thread-15] o.s.b.a.mongo.embedded.EmbeddedMongo     : 2017-07-17T16:21:10.992+0800 I NETWORK  [conn3] shutdown: going to flush diaglog...
2017-07-17 16:21:10.993  INFO 15804 --- [      Thread-15] o.s.b.a.mongo.embedded.EmbeddedMongo     : 2017-07-17T16:21:10.992+0800 I NETWORK  [conn3] shutdown: going to close sockets...
2017-07-17 16:21:10.994  INFO 15804 --- [       Thread-6] o.s.b.a.mongo.embedded.EmbeddedMongo     : 2017-07-17T16:21:10.993+0800 I STORAGE  [conn2] WiredTigerKVEngine shutting down
2017-07-17 16:21:10.998  INFO 15804 --- [      Thread-15] o.s.b.a.mongo.embedded.EmbeddedMongo     : 2017-07-17T16:21:10.998+0800 I STORAGE  [conn3] WiredTigerKVEngine shutting down
2017-07-17 16:21:11.004  INFO 15804 --- [      Thread-15] o.s.b.a.mongo.embedded.EmbeddedMongo     : 2017-07-17T16:21:11.004+0800 I NETWORK  [conn1] end connection 127.0.0.1:52238 (2 connections now open)
2017-07-17 16:21:11.005  INFO 15804 --- [       Thread-6] o.s.b.a.mongo.embedded.EmbeddedMongo     : 2017-07-17T16:21:11.005+0800 I NETWORK  [conn1] end connection 127.0.0.1:52221 (1 connection now open)
2017-07-17 16:21:11.006  INFO 15804 --- [      Thread-15] o.s.b.a.mongo.embedded.EmbeddedMongo     : 2017-07-17T16:21:11.006+0800 I NETWORK  [conn2] end connection 127.0.0.1:52250 (1 connection now open)
2017-07-17 16:21:11.093  INFO 15804 --- [       Thread-5] d.f.e.process.runtime.ProcessControl     : stopOrDestroyProcess: process has not exited 
2017-07-17 16:21:11.098  INFO 15804 --- [      Thread-13] d.f.e.process.runtime.ProcessControl     : stopOrDestroyProcess: process has not exited 
2017-07-17 16:21:11.102  INFO 15804 --- [       Thread-6] o.s.b.a.mongo.embedded.EmbeddedMongo     : 2017-07-17T16:21:11.102+0800 I STORAGE  [conn2] shutdown: removing fs lock...
2017-07-17 16:21:11.102  INFO 15804 --- [       Thread-6] o.s.b.a.mongo.embedded.EmbeddedMongo     : 2017-07-17T16:21:11.102+0800 I CONTROL  [conn2] dbexit:  rc: 0
2017-07-17 16:21:11.104  INFO 15804 --- [      Thread-19] o.s.a.r.l.SimpleMessageListenerContainer : Waiting for workers to finish.
2017-07-17 16:21:11.104  INFO 15804 --- [      Thread-10] o.s.a.r.l.SimpleMessageListenerContainer : Waiting for workers to finish.
2017-07-17 16:21:11.104  INFO 15804 --- [      Thread-19] o.s.a.r.l.SimpleMessageListenerContainer : Successfully waited for workers to finish.
2017-07-17 16:21:11.104  INFO 15804 --- [      Thread-10] o.s.a.r.l.SimpleMessageListenerContainer : Successfully waited for workers to finish.
2017-07-17 16:21:11.105  INFO 15804 --- [      Thread-10] o.s.i.a.i.AmqpInboundChannelAdapter      : stopped inbound.springCloudBus.anonymous.sTbwmQKeQxuJWWlmlQprVg
2017-07-17 16:21:11.105  INFO 15804 --- [      Thread-19] o.s.i.a.i.AmqpInboundChannelAdapter      : stopped inbound.springCloudBus.anonymous.20CENuyuQ5-RUtVOXiCS4w
2017-07-17 16:21:11.106  INFO 15804 --- [      Thread-10] o.s.c.support.DefaultLifecycleProcessor  : Stopping beans in phase 0
2017-07-17 16:21:11.106  INFO 15804 --- [      Thread-19] o.s.c.support.DefaultLifecycleProcessor  : Stopping beans in phase 0
2017-07-17 16:21:11.106  INFO 15804 --- [      Thread-19] o.s.i.endpoint.EventDrivenConsumer       : Removing {logging-channel-adapter:_org.springframework.integration.errorLogger} as a subscriber to the 'errorChannel' channel
2017-07-17 16:21:11.106  INFO 15804 --- [      Thread-10] o.s.i.endpoint.EventDrivenConsumer       : Removing {logging-channel-adapter:_org.springframework.integration.errorLogger} as a subscriber to the 'errorChannel' channel
2017-07-17 16:21:11.107  INFO 15804 --- [      Thread-19] o.s.i.channel.PublishSubscribeChannel    : Channel 'application:-1.errorChannel' has 0 subscriber(s).
2017-07-17 16:21:11.107  INFO 15804 --- [      Thread-10] o.s.i.channel.PublishSubscribeChannel    : Channel 'application:-1.errorChannel' has 0 subscriber(s).
2017-07-17 16:21:11.107  INFO 15804 --- [      Thread-19] o.s.i.endpoint.EventDrivenConsumer       : stopped _org.springframework.integration.errorLogger
2017-07-17 16:21:11.107  INFO 15804 --- [      Thread-19] o.s.c.support.DefaultLifecycleProcessor  : Stopping beans in phase -2147482648
2017-07-17 16:21:11.107  INFO 15804 --- [      Thread-10] o.s.i.endpoint.EventDrivenConsumer       : stopped _org.springframework.integration.errorLogger
2017-07-17 16:21:11.107  INFO 15804 --- [      Thread-10] o.s.c.support.DefaultLifecycleProcessor  : Stopping beans in phase -2147482648
2017-07-17 16:21:11.112  INFO 15804 --- [      Thread-10] o.s.s.c.ThreadPoolTaskScheduler          : Shutting down ExecutorService 'taskScheduler'
2017-07-17 16:21:11.111  INFO 15804 --- [      Thread-19] o.s.s.c.ThreadPoolTaskScheduler          : Shutting down ExecutorService 'taskScheduler'
2017-07-17 16:21:11.118  INFO 15804 --- [      Thread-19] org.mongodb.driver.connection            : Closed connection [connectionId{localValue:3, serverValue:2}] to localhost:52237 because the pool has been closed.
2017-07-17 16:21:11.156  INFO 15804 --- [      Thread-15] o.s.b.a.mongo.embedded.EmbeddedMongo     : 2017-07-17T16:21:11.156+0800 I STORAGE  [conn3] shutdown: removing fs lock...
2017-07-17 16:21:11.157  INFO 15804 --- [      Thread-15] o.s.b.a.mongo.embedded.EmbeddedMongo     : 2017-07-17T16:21:11.156+0800 I CONTROL  [conn3] dbexit:  rc: 0
2017-07-17 16:21:11.175  INFO 15804 --- [      Thread-19] s.c.a.AnnotationConfigApplicationContext : Closing org.springframework.context.annotation.AnnotationConfigApplicationContext@e5516ff: startup date [Mon Jul 17 16:20:58 CST 2017]; parent: org.springframework.context.annotation.AnnotationConfigApplicationContext@30301206
2017-07-17 16:21:11.176  INFO 15804 --- [      Thread-19] s.c.a.AnnotationConfigApplicationContext : Closing org.springframework.context.annotation.AnnotationConfigApplicationContext@5e425ceb: startup date [Mon Jul 17 16:20:58 CST 2017]; parent: org.springframework.context.annotation.AnnotationConfigApplicationContext@30301206
2017-07-17 16:21:11.900  INFO 15804 --- [      Thread-10] s.c.a.AnnotationConfigApplicationContext : Closing org.springframework.context.annotation.AnnotationConfigApplicationContext@40af787: startup date [Mon Jul 17 16:20:39 CST 2017]; parent: org.springframework.web.context.support.GenericWebApplicationContext@41c96a67
2017-07-17 16:21:11.903  INFO 15804 --- [      Thread-10] s.c.a.AnnotationConfigApplicationContext : Closing org.springframework.context.annotation.AnnotationConfigApplicationContext@5343ec9a: startup date [Mon Jul 17 16:20:34 CST 2017]; parent: org.springframework.web.context.support.GenericWebApplicationContext@41c96a67

Results :

Tests run: 13, Failures: 0, Errors: 0, Skipped: 0

[INFO] 
[INFO] --- jacoco-maven-plugin:0.7.6.201602180812:report (report) @ account-service ---
[INFO] Analyzed bundle 'account-service' with 11 classes
[INFO] 
[INFO] --- maven-jar-plugin:2.6:jar (default-jar) @ account-service ---
[INFO] 
[INFO] --- spring-boot-maven-plugin:1.4.5.RELEASE:repackage (default) @ account-service ---
[INFO] Replacing main artifact C:\Users\yiping\PiggyMetrics\account-service\target\account-service-0.0.2-SNAPSHOT.jar to C:\Users\yiping\PiggyMetrics\account-service\target\account-service.jar
[INFO] ------------------------------------------------------------------------
[INFO] BUILD SUCCESS
[INFO] ------------------------------------------------------------------------
[INFO] Total time: 01:01 min
[INFO] Finished at: 2017-07-17T16:21:15+08:00
[INFO] Final Memory: 36M/345M
[INFO] ------------------------------------------------------------------------
